

Started GET "/static_pages/index" for ::1 at 2016-04-17 11:01:25 -0700
Processing by StaticPagesController#index as HTML
  Rendered static_pages/index.html.erb within layouts/application (2.0ms)
Completed 200 OK in 1420ms (Views: 1409.9ms | ActiveRecord: 0.0ms)


Started GET "/assets/jquery.self-660adc51e0224b731d29f575a6f1ec167ba08ad06ed5deca4f1e8654c135bf4c.js?body=1" for ::1 at 2016-04-17 11:01:26 -0700


Started GET "/assets/jquery_ujs.self-e87806d0cf4489aeb1bb7288016024e8de67fd18db693fe026fe3907581e53cd.js?body=1" for ::1 at 2016-04-17 11:01:26 -0700


Started GET "/assets/static_pages.self-e3b0c44298fc1c149afbf4c8996fb92427ae41e4649b934ca495991b7852b855.css?body=1" for ::1 at 2016-04-17 11:01:26 -0700


Started GET "/assets/application.self-e80e8f2318043e8af94dddc2adad5a4f09739a8ebb323b3ab31cd71d45fd9113.css?body=1" for ::1 at 2016-04-17 11:01:26 -0700


Started GET "/assets/turbolinks.self-c37727e9bd6b2735da5c311aa83fead54ed0be6cc8bd9a65309e9c5abe2cbfff.js?body=1" for ::1 at 2016-04-17 11:01:26 -0700


Started GET "/assets/static_pages.self-877aef30ae1b040ab8a3aba4e3e309a11d7f2612f44dde450b5c157aa5f95c05.js?body=1" for ::1 at 2016-04-17 11:01:26 -0700


Started GET "/assets/application.self-3b8dabdc891efe46b9a144b400ad69e37d7e5876bdc39dee783419a69d7ca819.js?body=1" for ::1 at 2016-04-17 11:01:26 -0700


Started GET "/static_pages/index" for ::1 at 2016-04-17 12:03:35 -0700
Processing by StaticPagesController#index as HTML
  Rendered static_pages/index.html.erb within layouts/application (0.1ms)
Completed 200 OK in 110ms (Views: 103.0ms | ActiveRecord: 0.0ms)


Started GET "/assets/static_pages.self-e3b0c44298fc1c149afbf4c8996fb92427ae41e4649b934ca495991b7852b855.css?body=1" for ::1 at 2016-04-17 12:03:35 -0700


Started GET "/assets/turbolinks.self-c37727e9bd6b2735da5c311aa83fead54ed0be6cc8bd9a65309e9c5abe2cbfff.js?body=1" for ::1 at 2016-04-17 12:03:35 -0700


Started GET "/assets/jquery_ujs.self-e87806d0cf4489aeb1bb7288016024e8de67fd18db693fe026fe3907581e53cd.js?body=1" for ::1 at 2016-04-17 12:03:35 -0700


Started GET "/assets/application.self-e80e8f2318043e8af94dddc2adad5a4f09739a8ebb323b3ab31cd71d45fd9113.css?body=1" for ::1 at 2016-04-17 12:03:35 -0700


Started GET "/assets/static_pages.self-877aef30ae1b040ab8a3aba4e3e309a11d7f2612f44dde450b5c157aa5f95c05.js?body=1" for ::1 at 2016-04-17 12:03:35 -0700


Started GET "/assets/application.self-3b8dabdc891efe46b9a144b400ad69e37d7e5876bdc39dee783419a69d7ca819.js?body=1" for ::1 at 2016-04-17 12:03:35 -0700


Started GET "/assets/jquery.self-660adc51e0224b731d29f575a6f1ec167ba08ad06ed5deca4f1e8654c135bf4c.js?body=1" for ::1 at 2016-04-17 12:03:35 -0700


Started GET "/static_pages/index" for ::1 at 2016-04-17 12:07:10 -0700
Processing by StaticPagesController#index as HTML
  Rendered static_pages/index.html.erb within layouts/application (0.0ms)
Completed 200 OK in 91ms (Views: 90.3ms | ActiveRecord: 0.0ms)


Started GET "/assets/static_pages.self-e3b0c44298fc1c149afbf4c8996fb92427ae41e4649b934ca495991b7852b855.css?body=1" for ::1 at 2016-04-17 12:07:10 -0700


Started GET "/assets/jquery.self-660adc51e0224b731d29f575a6f1ec167ba08ad06ed5deca4f1e8654c135bf4c.js?body=1" for ::1 at 2016-04-17 12:07:10 -0700


Started GET "/assets/turbolinks.self-c37727e9bd6b2735da5c311aa83fead54ed0be6cc8bd9a65309e9c5abe2cbfff.js?body=1" for ::1 at 2016-04-17 12:07:10 -0700


Started GET "/assets/application.self-e80e8f2318043e8af94dddc2adad5a4f09739a8ebb323b3ab31cd71d45fd9113.css?body=1" for ::1 at 2016-04-17 12:07:10 -0700


Started GET "/assets/jquery_ujs.self-e87806d0cf4489aeb1bb7288016024e8de67fd18db693fe026fe3907581e53cd.js?body=1" for ::1 at 2016-04-17 12:07:10 -0700


Started GET "/assets/static_pages.self-877aef30ae1b040ab8a3aba4e3e309a11d7f2612f44dde450b5c157aa5f95c05.js?body=1" for ::1 at 2016-04-17 12:07:10 -0700


Started GET "/assets/application.self-3b8dabdc891efe46b9a144b400ad69e37d7e5876bdc39dee783419a69d7ca819.js?body=1" for ::1 at 2016-04-17 12:07:10 -0700


Started GET "/static_pages/index" for ::1 at 2016-04-17 12:10:26 -0700
Processing by StaticPagesController#index as HTML
  Rendered static_pages/index.html.erb within layouts/application (0.0ms)
Completed 200 OK in 72ms (Views: 71.2ms | ActiveRecord: 0.0ms)


Started GET "/assets/static_pages.self-877aef30ae1b040ab8a3aba4e3e309a11d7f2612f44dde450b5c157aa5f95c05.js?body=1" for ::1 at 2016-04-17 12:10:27 -0700


Started GET "/assets/application.self-e80e8f2318043e8af94dddc2adad5a4f09739a8ebb323b3ab31cd71d45fd9113.css?body=1" for ::1 at 2016-04-17 12:10:27 -0700


Started GET "/assets/static_pages.self-e3b0c44298fc1c149afbf4c8996fb92427ae41e4649b934ca495991b7852b855.css?body=1" for ::1 at 2016-04-17 12:10:27 -0700


Started GET "/assets/jquery_ujs.self-e87806d0cf4489aeb1bb7288016024e8de67fd18db693fe026fe3907581e53cd.js?body=1" for ::1 at 2016-04-17 12:10:27 -0700


Started GET "/assets/turbolinks.self-c37727e9bd6b2735da5c311aa83fead54ed0be6cc8bd9a65309e9c5abe2cbfff.js?body=1" for ::1 at 2016-04-17 12:10:27 -0700


Started GET "/assets/jquery.self-660adc51e0224b731d29f575a6f1ec167ba08ad06ed5deca4f1e8654c135bf4c.js?body=1" for ::1 at 2016-04-17 12:10:27 -0700


Started GET "/assets/application.self-3b8dabdc891efe46b9a144b400ad69e37d7e5876bdc39dee783419a69d7ca819.js?body=1" for ::1 at 2016-04-17 12:10:27 -0700


Started GET "/static_pages/index" for ::1 at 2016-04-17 12:18:16 -0700
Processing by StaticPagesController#index as HTML
  Rendered static_pages/index.html.erb within layouts/application (0.5ms)
Completed 200 OK in 77ms (Views: 76.9ms | ActiveRecord: 0.0ms)


Started GET "/assets/jquery.self-660adc51e0224b731d29f575a6f1ec167ba08ad06ed5deca4f1e8654c135bf4c.js?body=1" for ::1 at 2016-04-17 12:18:16 -0700


Started GET "/assets/static_pages.self-e3b0c44298fc1c149afbf4c8996fb92427ae41e4649b934ca495991b7852b855.css?body=1" for ::1 at 2016-04-17 12:18:16 -0700


Started GET "/assets/turbolinks.self-c37727e9bd6b2735da5c311aa83fead54ed0be6cc8bd9a65309e9c5abe2cbfff.js?body=1" for ::1 at 2016-04-17 12:18:16 -0700


Started GET "/assets/application.self-e80e8f2318043e8af94dddc2adad5a4f09739a8ebb323b3ab31cd71d45fd9113.css?body=1" for ::1 at 2016-04-17 12:18:16 -0700


Started GET "/assets/jquery_ujs.self-e87806d0cf4489aeb1bb7288016024e8de67fd18db693fe026fe3907581e53cd.js?body=1" for ::1 at 2016-04-17 12:18:16 -0700


Started GET "/assets/static_pages.self-877aef30ae1b040ab8a3aba4e3e309a11d7f2612f44dde450b5c157aa5f95c05.js?body=1" for ::1 at 2016-04-17 12:18:16 -0700


Started GET "/assets/application.self-3b8dabdc891efe46b9a144b400ad69e37d7e5876bdc39dee783419a69d7ca819.js?body=1" for ::1 at 2016-04-17 12:18:16 -0700


Started GET "/static_pages/index" for ::1 at 2016-04-17 13:22:20 -0700
Processing by StaticPagesController#index as HTML
  Rendered static_pages/index.html.erb within layouts/application (3.1ms)
Completed 200 OK in 110ms (Views: 105.7ms | ActiveRecord: 0.0ms)


Started GET "/assets/static_pages.self-e3b0c44298fc1c149afbf4c8996fb92427ae41e4649b934ca495991b7852b855.css?body=1" for ::1 at 2016-04-17 13:22:21 -0700


Started GET "/assets/jquery.self-660adc51e0224b731d29f575a6f1ec167ba08ad06ed5deca4f1e8654c135bf4c.js?body=1" for ::1 at 2016-04-17 13:22:21 -0700


Started GET "/assets/jquery_ujs.self-e87806d0cf4489aeb1bb7288016024e8de67fd18db693fe026fe3907581e53cd.js?body=1" for ::1 at 2016-04-17 13:22:21 -0700


Started GET "/assets/static_pages.self-877aef30ae1b040ab8a3aba4e3e309a11d7f2612f44dde450b5c157aa5f95c05.js?body=1" for ::1 at 2016-04-17 13:22:21 -0700


Started GET "/assets/turbolinks.self-c37727e9bd6b2735da5c311aa83fead54ed0be6cc8bd9a65309e9c5abe2cbfff.js?body=1" for ::1 at 2016-04-17 13:22:21 -0700


Started GET "/assets/application.self-e80e8f2318043e8af94dddc2adad5a4f09739a8ebb323b3ab31cd71d45fd9113.css?body=1" for ::1 at 2016-04-17 13:22:21 -0700


Started GET "/assets/application.self-3b8dabdc891efe46b9a144b400ad69e37d7e5876bdc39dee783419a69d7ca819.js?body=1" for ::1 at 2016-04-17 13:22:21 -0700


Started GET "/static_pages/contact" for ::1 at 2016-04-17 13:27:59 -0700
Processing by StaticPagesController#contact as HTML
  Rendered static_pages/contact.html.erb within layouts/application (0.5ms)
Completed 200 OK in 113ms (Views: 112.2ms | ActiveRecord: 0.0ms)


Started GET "/static_pages/about" for ::1 at 2016-04-17 13:28:07 -0700
Processing by StaticPagesController#about as HTML
  Rendered static_pages/about.html.erb within layouts/application (0.5ms)
Completed 200 OK in 24ms (Views: 23.4ms | ActiveRecord: 0.0ms)


Started GET "/static_pages/about" for ::1 at 2016-04-17 13:31:37 -0700
Processing by StaticPagesController#about as HTML
  Rendered static_pages/about.html.erb within layouts/application (0.2ms)
Completed 200 OK in 14ms (Views: 13.8ms | ActiveRecord: 0.0ms)


Started GET "/assets/application.self-e80e8f2318043e8af94dddc2adad5a4f09739a8ebb323b3ab31cd71d45fd9113.css?body=1" for ::1 at 2016-04-17 13:31:37 -0700


Started GET "/assets/static_pages.self-e3b0c44298fc1c149afbf4c8996fb92427ae41e4649b934ca495991b7852b855.css?body=1" for ::1 at 2016-04-17 13:31:37 -0700


Started GET "/assets/jquery_ujs.self-e87806d0cf4489aeb1bb7288016024e8de67fd18db693fe026fe3907581e53cd.js?body=1" for ::1 at 2016-04-17 13:31:37 -0700


Started GET "/assets/static_pages.self-877aef30ae1b040ab8a3aba4e3e309a11d7f2612f44dde450b5c157aa5f95c05.js?body=1" for ::1 at 2016-04-17 13:31:37 -0700


Started GET "/assets/jquery.self-660adc51e0224b731d29f575a6f1ec167ba08ad06ed5deca4f1e8654c135bf4c.js?body=1" for ::1 at 2016-04-17 13:31:37 -0700


Started GET "/assets/turbolinks.self-c37727e9bd6b2735da5c311aa83fead54ed0be6cc8bd9a65309e9c5abe2cbfff.js?body=1" for ::1 at 2016-04-17 13:31:37 -0700


Started GET "/assets/application.self-3b8dabdc891efe46b9a144b400ad69e37d7e5876bdc39dee783419a69d7ca819.js?body=1" for ::1 at 2016-04-17 13:31:37 -0700


Started GET "/static_pages/contact" for ::1 at 2016-04-17 13:31:48 -0700
Processing by StaticPagesController#contact as HTML
  Rendered static_pages/contact.html.erb within layouts/application (0.3ms)
Completed 200 OK in 15ms (Views: 15.0ms | ActiveRecord: 0.0ms)


Started GET "/static_pages/contact" for ::1 at 2016-04-17 18:26:43 -0700
Processing by StaticPagesController#contact as HTML
  Rendered static_pages/contact.html.erb within layouts/application (0.3ms)
Completed 200 OK in 142ms (Views: 139.4ms | ActiveRecord: 0.0ms)


Started GET "/assets/static_pages.self-e3b0c44298fc1c149afbf4c8996fb92427ae41e4649b934ca495991b7852b855.css?body=1" for ::1 at 2016-04-17 18:26:43 -0700


Started GET "/assets/application.self-e80e8f2318043e8af94dddc2adad5a4f09739a8ebb323b3ab31cd71d45fd9113.css?body=1" for ::1 at 2016-04-17 18:26:43 -0700


Started GET "/assets/jquery_ujs.self-e87806d0cf4489aeb1bb7288016024e8de67fd18db693fe026fe3907581e53cd.js?body=1" for ::1 at 2016-04-17 18:26:43 -0700


Started GET "/assets/static_pages.self-877aef30ae1b040ab8a3aba4e3e309a11d7f2612f44dde450b5c157aa5f95c05.js?body=1" for ::1 at 2016-04-17 18:26:43 -0700


Started GET "/assets/application.self-3b8dabdc891efe46b9a144b400ad69e37d7e5876bdc39dee783419a69d7ca819.js?body=1" for ::1 at 2016-04-17 18:26:43 -0700


Started GET "/assets/jquery.self-660adc51e0224b731d29f575a6f1ec167ba08ad06ed5deca4f1e8654c135bf4c.js?body=1" for ::1 at 2016-04-17 18:26:43 -0700


Started GET "/assets/turbolinks.self-c37727e9bd6b2735da5c311aa83fead54ed0be6cc8bd9a65309e9c5abe2cbfff.js?body=1" for ::1 at 2016-04-17 18:26:43 -0700


Started GET "/static_pages/about" for ::1 at 2016-04-17 18:27:05 -0700
Processing by StaticPagesController#about as HTML
  Rendered static_pages/about.html.erb within layouts/application (0.1ms)
Completed 200 OK in 30ms (Views: 29.8ms | ActiveRecord: 0.0ms)


Started GET "/static_pages/about" for ::1 at 2016-04-17 18:32:07 -0700
Processing by StaticPagesController#about as HTML
  Rendered static_pages/about.html.erb within layouts/application (0.1ms)
Completed 500 Internal Server Error in 181ms (ActiveRecord: 0.0ms)

ActionView::Template::Error (Invalid CSS after "	text-align": expected ";", was ": center};"):
    2: <html>
    3: <head>
    4:   <title>Nameofapp</title>
    5:   <%= stylesheet_link_tag    'application', media: 'all', 'data-turbolinks-track' => true %>
    6:   <%= javascript_include_tag 'application', 'data-turbolinks-track' => true %>
    7:   <%= csrf_meta_tags %>
    8: </head>
  app/assets/stylesheets/static_pages.scss:16
  app/views/layouts/application.html.erb:5:in `_app_views_layouts_application_html_erb___2499192181511966907_70121078864000'


  Rendered /Users/leannehardesty/.rvm/gems/ruby-2.3.0/gems/actionpack-4.2.6/lib/action_dispatch/middleware/templates/rescues/_source.erb (6.7ms)
  Rendered /Users/leannehardesty/.rvm/gems/ruby-2.3.0/gems/actionpack-4.2.6/lib/action_dispatch/middleware/templates/rescues/_trace.html.erb (2.6ms)
  Rendered /Users/leannehardesty/.rvm/gems/ruby-2.3.0/gems/actionpack-4.2.6/lib/action_dispatch/middleware/templates/rescues/_request_and_response.html.erb (1.0ms)
  Rendered /Users/leannehardesty/.rvm/gems/ruby-2.3.0/gems/actionpack-4.2.6/lib/action_dispatch/middleware/templates/rescues/template_error.html.erb within rescues/layout (50.1ms)
  Rendered /Users/leannehardesty/.rvm/gems/ruby-2.3.0/gems/web-console-2.3.0/lib/web_console/templates/_markup.html.erb (0.4ms)
  Rendered /Users/leannehardesty/.rvm/gems/ruby-2.3.0/gems/web-console-2.3.0/lib/web_console/templates/_inner_console_markup.html.erb within layouts/inlined_string (0.4ms)
  Rendered /Users/leannehardesty/.rvm/gems/ruby-2.3.0/gems/web-console-2.3.0/lib/web_console/templates/_prompt_box_markup.html.erb within layouts/inlined_string (0.2ms)
  Rendered /Users/leannehardesty/.rvm/gems/ruby-2.3.0/gems/web-console-2.3.0/lib/web_console/templates/style.css.erb within layouts/inlined_string (0.3ms)
  Rendered /Users/leannehardesty/.rvm/gems/ruby-2.3.0/gems/web-console-2.3.0/lib/web_console/templates/console.js.erb within layouts/javascript (79.6ms)
  Rendered /Users/leannehardesty/.rvm/gems/ruby-2.3.0/gems/web-console-2.3.0/lib/web_console/templates/main.js.erb within layouts/javascript (0.3ms)
  Rendered /Users/leannehardesty/.rvm/gems/ruby-2.3.0/gems/web-console-2.3.0/lib/web_console/templates/error_page.js.erb within layouts/javascript (0.4ms)
  Rendered /Users/leannehardesty/.rvm/gems/ruby-2.3.0/gems/web-console-2.3.0/lib/web_console/templates/index.html.erb (133.6ms)


Started GET "/static_pages/about" for ::1 at 2016-04-17 18:33:21 -0700
Processing by StaticPagesController#about as HTML
  Rendered static_pages/about.html.erb within layouts/application (0.1ms)
Completed 200 OK in 183ms (Views: 182.0ms | ActiveRecord: 0.0ms)


Started GET "/assets/static_pages.self-8d21bc6afdcd8d9ea1bd2ad606aca3a12bb09c582ac534cf79269b9de040033d.css?body=1" for ::1 at 2016-04-17 18:33:22 -0700


Started GET "/assets/application.self-e80e8f2318043e8af94dddc2adad5a4f09739a8ebb323b3ab31cd71d45fd9113.css?body=1" for ::1 at 2016-04-17 18:33:22 -0700


Started GET "/assets/jquery.self-660adc51e0224b731d29f575a6f1ec167ba08ad06ed5deca4f1e8654c135bf4c.js?body=1" for ::1 at 2016-04-17 18:33:22 -0700


Started GET "/assets/static_pages.self-877aef30ae1b040ab8a3aba4e3e309a11d7f2612f44dde450b5c157aa5f95c05.js?body=1" for ::1 at 2016-04-17 18:33:22 -0700


Started GET "/assets/turbolinks.self-c37727e9bd6b2735da5c311aa83fead54ed0be6cc8bd9a65309e9c5abe2cbfff.js?body=1" for ::1 at 2016-04-17 18:33:22 -0700


Started GET "/assets/application.self-3b8dabdc891efe46b9a144b400ad69e37d7e5876bdc39dee783419a69d7ca819.js?body=1" for ::1 at 2016-04-17 18:33:22 -0700


Started GET "/assets/jquery_ujs.self-e87806d0cf4489aeb1bb7288016024e8de67fd18db693fe026fe3907581e53cd.js?body=1" for ::1 at 2016-04-17 18:33:22 -0700


Started GET "/static_pages/contact" for ::1 at 2016-04-17 18:34:23 -0700
Processing by StaticPagesController#contact as HTML
  Rendered static_pages/contact.html.erb within layouts/application (0.0ms)
Completed 200 OK in 10ms (Views: 9.7ms | ActiveRecord: 0.0ms)


Started GET "/static_pages/home" for ::1 at 2016-04-17 18:34:28 -0700

ActionController::RoutingError (No route matches [GET] "/static_pages/home"):
  actionpack (4.2.6) lib/action_dispatch/middleware/debug_exceptions.rb:21:in `call'
  web-console (2.3.0) lib/web_console/middleware.rb:28:in `block in call'
  web-console (2.3.0) lib/web_console/middleware.rb:18:in `catch'
  web-console (2.3.0) lib/web_console/middleware.rb:18:in `call'
  actionpack (4.2.6) lib/action_dispatch/middleware/show_exceptions.rb:30:in `call'
  railties (4.2.6) lib/rails/rack/logger.rb:38:in `call_app'
  railties (4.2.6) lib/rails/rack/logger.rb:20:in `block in call'
  activesupport (4.2.6) lib/active_support/tagged_logging.rb:68:in `block in tagged'
  activesupport (4.2.6) lib/active_support/tagged_logging.rb:26:in `tagged'
  activesupport (4.2.6) lib/active_support/tagged_logging.rb:68:in `tagged'
  railties (4.2.6) lib/rails/rack/logger.rb:20:in `call'
  actionpack (4.2.6) lib/action_dispatch/middleware/request_id.rb:21:in `call'
  rack (1.6.4) lib/rack/methodoverride.rb:22:in `call'
  rack (1.6.4) lib/rack/runtime.rb:18:in `call'
  activesupport (4.2.6) lib/active_support/cache/strategy/local_cache_middleware.rb:28:in `call'
  rack (1.6.4) lib/rack/lock.rb:17:in `call'
  actionpack (4.2.6) lib/action_dispatch/middleware/static.rb:120:in `call'
  rack (1.6.4) lib/rack/sendfile.rb:113:in `call'
  railties (4.2.6) lib/rails/engine.rb:518:in `call'
  railties (4.2.6) lib/rails/application.rb:165:in `call'
  rack (1.6.4) lib/rack/lock.rb:17:in `call'
  rack (1.6.4) lib/rack/content_length.rb:15:in `call'
  rack (1.6.4) lib/rack/handler/webrick.rb:88:in `service'
  /Users/leannehardesty/.rvm/rubies/ruby-2.3.0/lib/ruby/2.3.0/webrick/httpserver.rb:140:in `service'
  /Users/leannehardesty/.rvm/rubies/ruby-2.3.0/lib/ruby/2.3.0/webrick/httpserver.rb:96:in `run'
  /Users/leannehardesty/.rvm/rubies/ruby-2.3.0/lib/ruby/2.3.0/webrick/server.rb:296:in `block in start_thread'


  Rendered /Users/leannehardesty/.rvm/gems/ruby-2.3.0/gems/actionpack-4.2.6/lib/action_dispatch/middleware/templates/rescues/_trace.html.erb (1.3ms)
  Rendered /Users/leannehardesty/.rvm/gems/ruby-2.3.0/gems/actionpack-4.2.6/lib/action_dispatch/middleware/templates/routes/_route.html.erb (0.7ms)
  Rendered /Users/leannehardesty/.rvm/gems/ruby-2.3.0/gems/actionpack-4.2.6/lib/action_dispatch/middleware/templates/routes/_table.html.erb (33.1ms)
  Rendered /Users/leannehardesty/.rvm/gems/ruby-2.3.0/gems/actionpack-4.2.6/lib/action_dispatch/middleware/templates/rescues/_request_and_response.html.erb (1.0ms)
  Rendered /Users/leannehardesty/.rvm/gems/ruby-2.3.0/gems/actionpack-4.2.6/lib/action_dispatch/middleware/templates/rescues/routing_error.html.erb within rescues/layout (84.8ms)
  Rendered /Users/leannehardesty/.rvm/gems/ruby-2.3.0/gems/web-console-2.3.0/lib/web_console/templates/_markup.html.erb (0.4ms)
  Rendered /Users/leannehardesty/.rvm/gems/ruby-2.3.0/gems/web-console-2.3.0/lib/web_console/templates/_inner_console_markup.html.erb within layouts/inlined_string (0.3ms)
  Rendered /Users/leannehardesty/.rvm/gems/ruby-2.3.0/gems/web-console-2.3.0/lib/web_console/templates/_prompt_box_markup.html.erb within layouts/inlined_string (0.2ms)
  Rendered /Users/leannehardesty/.rvm/gems/ruby-2.3.0/gems/web-console-2.3.0/lib/web_console/templates/style.css.erb within layouts/inlined_string (0.4ms)
  Rendered /Users/leannehardesty/.rvm/gems/ruby-2.3.0/gems/web-console-2.3.0/lib/web_console/templates/console.js.erb within layouts/javascript (34.5ms)
  Rendered /Users/leannehardesty/.rvm/gems/ruby-2.3.0/gems/web-console-2.3.0/lib/web_console/templates/main.js.erb within layouts/javascript (0.2ms)
  Rendered /Users/leannehardesty/.rvm/gems/ruby-2.3.0/gems/web-console-2.3.0/lib/web_console/templates/error_page.js.erb within layouts/javascript (0.4ms)
  Rendered /Users/leannehardesty/.rvm/gems/ruby-2.3.0/gems/web-console-2.3.0/lib/web_console/templates/index.html.erb (83.2ms)


Started GET "/static_pages/home" for ::1 at 2016-04-17 18:34:34 -0700

ActionController::RoutingError (No route matches [GET] "/static_pages/home"):
  actionpack (4.2.6) lib/action_dispatch/middleware/debug_exceptions.rb:21:in `call'
  web-console (2.3.0) lib/web_console/middleware.rb:28:in `block in call'
  web-console (2.3.0) lib/web_console/middleware.rb:18:in `catch'
  web-console (2.3.0) lib/web_console/middleware.rb:18:in `call'
  actionpack (4.2.6) lib/action_dispatch/middleware/show_exceptions.rb:30:in `call'
  railties (4.2.6) lib/rails/rack/logger.rb:38:in `call_app'
  railties (4.2.6) lib/rails/rack/logger.rb:20:in `block in call'
  activesupport (4.2.6) lib/active_support/tagged_logging.rb:68:in `block in tagged'
  activesupport (4.2.6) lib/active_support/tagged_logging.rb:26:in `tagged'
  activesupport (4.2.6) lib/active_support/tagged_logging.rb:68:in `tagged'
  railties (4.2.6) lib/rails/rack/logger.rb:20:in `call'
  actionpack (4.2.6) lib/action_dispatch/middleware/request_id.rb:21:in `call'
  rack (1.6.4) lib/rack/methodoverride.rb:22:in `call'
  rack (1.6.4) lib/rack/runtime.rb:18:in `call'
  activesupport (4.2.6) lib/active_support/cache/strategy/local_cache_middleware.rb:28:in `call'
  rack (1.6.4) lib/rack/lock.rb:17:in `call'
  actionpack (4.2.6) lib/action_dispatch/middleware/static.rb:120:in `call'
  rack (1.6.4) lib/rack/sendfile.rb:113:in `call'
  railties (4.2.6) lib/rails/engine.rb:518:in `call'
  railties (4.2.6) lib/rails/application.rb:165:in `call'
  rack (1.6.4) lib/rack/lock.rb:17:in `call'
  rack (1.6.4) lib/rack/content_length.rb:15:in `call'
  rack (1.6.4) lib/rack/handler/webrick.rb:88:in `service'
  /Users/leannehardesty/.rvm/rubies/ruby-2.3.0/lib/ruby/2.3.0/webrick/httpserver.rb:140:in `service'
  /Users/leannehardesty/.rvm/rubies/ruby-2.3.0/lib/ruby/2.3.0/webrick/httpserver.rb:96:in `run'
  /Users/leannehardesty/.rvm/rubies/ruby-2.3.0/lib/ruby/2.3.0/webrick/server.rb:296:in `block in start_thread'


  Rendered /Users/leannehardesty/.rvm/gems/ruby-2.3.0/gems/actionpack-4.2.6/lib/action_dispatch/middleware/templates/rescues/_trace.html.erb (1.0ms)
  Rendered /Users/leannehardesty/.rvm/gems/ruby-2.3.0/gems/actionpack-4.2.6/lib/action_dispatch/middleware/templates/routes/_route.html.erb (0.6ms)
  Rendered /Users/leannehardesty/.rvm/gems/ruby-2.3.0/gems/actionpack-4.2.6/lib/action_dispatch/middleware/templates/routes/_table.html.erb (0.9ms)
  Rendered /Users/leannehardesty/.rvm/gems/ruby-2.3.0/gems/actionpack-4.2.6/lib/action_dispatch/middleware/templates/rescues/_request_and_response.html.erb (1.1ms)
  Rendered /Users/leannehardesty/.rvm/gems/ruby-2.3.0/gems/actionpack-4.2.6/lib/action_dispatch/middleware/templates/rescues/routing_error.html.erb within rescues/layout (49.6ms)
  Rendered /Users/leannehardesty/.rvm/gems/ruby-2.3.0/gems/web-console-2.3.0/lib/web_console/templates/_markup.html.erb (0.3ms)
  Rendered /Users/leannehardesty/.rvm/gems/ruby-2.3.0/gems/web-console-2.3.0/lib/web_console/templates/_inner_console_markup.html.erb within layouts/inlined_string (0.2ms)
  Rendered /Users/leannehardesty/.rvm/gems/ruby-2.3.0/gems/web-console-2.3.0/lib/web_console/templates/_prompt_box_markup.html.erb within layouts/inlined_string (0.2ms)
  Rendered /Users/leannehardesty/.rvm/gems/ruby-2.3.0/gems/web-console-2.3.0/lib/web_console/templates/style.css.erb within layouts/inlined_string (0.3ms)
  Rendered /Users/leannehardesty/.rvm/gems/ruby-2.3.0/gems/web-console-2.3.0/lib/web_console/templates/console.js.erb within layouts/javascript (34.0ms)
  Rendered /Users/leannehardesty/.rvm/gems/ruby-2.3.0/gems/web-console-2.3.0/lib/web_console/templates/main.js.erb within layouts/javascript (0.2ms)
  Rendered /Users/leannehardesty/.rvm/gems/ruby-2.3.0/gems/web-console-2.3.0/lib/web_console/templates/error_page.js.erb within layouts/javascript (0.3ms)
  Rendered /Users/leannehardesty/.rvm/gems/ruby-2.3.0/gems/web-console-2.3.0/lib/web_console/templates/index.html.erb (74.7ms)


Started GET "/static_pages/index" for ::1 at 2016-04-17 18:34:39 -0700
Processing by StaticPagesController#index as HTML
  Rendered static_pages/index.html.erb within layouts/application (0.4ms)
Completed 200 OK in 44ms (Views: 43.8ms | ActiveRecord: 0.0ms)


Started GET "/static_pages/index" for ::1 at 2016-04-17 18:59:37 -0700
Processing by StaticPagesController#index as HTML
  Rendered static_pages/index.html.erb within layouts/application (16.5ms)
Completed 200 OK in 148ms (Views: 147.2ms | ActiveRecord: 0.0ms)


Started GET "/assets/static_pages.self-8d21bc6afdcd8d9ea1bd2ad606aca3a12bb09c582ac534cf79269b9de040033d.css?body=1" for ::1 at 2016-04-17 18:59:38 -0700


Started GET "/assets/turbolinks.self-c37727e9bd6b2735da5c311aa83fead54ed0be6cc8bd9a65309e9c5abe2cbfff.js?body=1" for ::1 at 2016-04-17 18:59:38 -0700


Started GET "/assets/application.self-e80e8f2318043e8af94dddc2adad5a4f09739a8ebb323b3ab31cd71d45fd9113.css?body=1" for ::1 at 2016-04-17 18:59:38 -0700


Started GET "/assets/jquery_ujs.self-e87806d0cf4489aeb1bb7288016024e8de67fd18db693fe026fe3907581e53cd.js?body=1" for ::1 at 2016-04-17 18:59:38 -0700


Started GET "/assets/static_pages.self-877aef30ae1b040ab8a3aba4e3e309a11d7f2612f44dde450b5c157aa5f95c05.js?body=1" for ::1 at 2016-04-17 18:59:38 -0700


Started GET "/assets/jquery.self-660adc51e0224b731d29f575a6f1ec167ba08ad06ed5deca4f1e8654c135bf4c.js?body=1" for ::1 at 2016-04-17 18:59:38 -0700


Started GET "/assets/application.self-3b8dabdc891efe46b9a144b400ad69e37d7e5876bdc39dee783419a69d7ca819.js?body=1" for ::1 at 2016-04-17 18:59:38 -0700


Started GET "/images/VintageBike.jpg" for ::1 at 2016-04-17 18:59:38 -0700

ActionController::RoutingError (No route matches [GET] "/images/VintageBike.jpg"):
  actionpack (4.2.6) lib/action_dispatch/middleware/debug_exceptions.rb:21:in `call'
  web-console (2.3.0) lib/web_console/middleware.rb:28:in `block in call'
  web-console (2.3.0) lib/web_console/middleware.rb:18:in `catch'
  web-console (2.3.0) lib/web_console/middleware.rb:18:in `call'
  actionpack (4.2.6) lib/action_dispatch/middleware/show_exceptions.rb:30:in `call'
  railties (4.2.6) lib/rails/rack/logger.rb:38:in `call_app'
  railties (4.2.6) lib/rails/rack/logger.rb:20:in `block in call'
  activesupport (4.2.6) lib/active_support/tagged_logging.rb:68:in `block in tagged'
  activesupport (4.2.6) lib/active_support/tagged_logging.rb:26:in `tagged'
  activesupport (4.2.6) lib/active_support/tagged_logging.rb:68:in `tagged'
  railties (4.2.6) lib/rails/rack/logger.rb:20:in `call'
  actionpack (4.2.6) lib/action_dispatch/middleware/request_id.rb:21:in `call'
  rack (1.6.4) lib/rack/methodoverride.rb:22:in `call'
  rack (1.6.4) lib/rack/runtime.rb:18:in `call'
  activesupport (4.2.6) lib/active_support/cache/strategy/local_cache_middleware.rb:28:in `call'
  rack (1.6.4) lib/rack/lock.rb:17:in `call'
  actionpack (4.2.6) lib/action_dispatch/middleware/static.rb:120:in `call'
  rack (1.6.4) lib/rack/sendfile.rb:113:in `call'
  railties (4.2.6) lib/rails/engine.rb:518:in `call'
  railties (4.2.6) lib/rails/application.rb:165:in `call'
  rack (1.6.4) lib/rack/lock.rb:17:in `call'
  rack (1.6.4) lib/rack/content_length.rb:15:in `call'
  rack (1.6.4) lib/rack/handler/webrick.rb:88:in `service'
  /Users/leannehardesty/.rvm/rubies/ruby-2.3.0/lib/ruby/2.3.0/webrick/httpserver.rb:140:in `service'
  /Users/leannehardesty/.rvm/rubies/ruby-2.3.0/lib/ruby/2.3.0/webrick/httpserver.rb:96:in `run'
  /Users/leannehardesty/.rvm/rubies/ruby-2.3.0/lib/ruby/2.3.0/webrick/server.rb:296:in `block in start_thread'


  Rendered /Users/leannehardesty/.rvm/gems/ruby-2.3.0/gems/actionpack-4.2.6/lib/action_dispatch/middleware/templates/rescues/_trace.html.erb (1.2ms)
  Rendered /Users/leannehardesty/.rvm/gems/ruby-2.3.0/gems/actionpack-4.2.6/lib/action_dispatch/middleware/templates/routes/_route.html.erb (0.6ms)
  Rendered /Users/leannehardesty/.rvm/gems/ruby-2.3.0/gems/actionpack-4.2.6/lib/action_dispatch/middleware/templates/routes/_table.html.erb (1.0ms)
  Rendered /Users/leannehardesty/.rvm/gems/ruby-2.3.0/gems/actionpack-4.2.6/lib/action_dispatch/middleware/templates/rescues/_request_and_response.html.erb (1.2ms)
  Rendered /Users/leannehardesty/.rvm/gems/ruby-2.3.0/gems/actionpack-4.2.6/lib/action_dispatch/middleware/templates/rescues/routing_error.html.erb within rescues/layout (53.3ms)
  Rendered /Users/leannehardesty/.rvm/gems/ruby-2.3.0/gems/web-console-2.3.0/lib/web_console/templates/_markup.html.erb (0.5ms)
  Rendered /Users/leannehardesty/.rvm/gems/ruby-2.3.0/gems/web-console-2.3.0/lib/web_console/templates/_inner_console_markup.html.erb within layouts/inlined_string (0.4ms)
  Rendered /Users/leannehardesty/.rvm/gems/ruby-2.3.0/gems/web-console-2.3.0/lib/web_console/templates/_prompt_box_markup.html.erb within layouts/inlined_string (0.3ms)
  Rendered /Users/leannehardesty/.rvm/gems/ruby-2.3.0/gems/web-console-2.3.0/lib/web_console/templates/style.css.erb within layouts/inlined_string (0.3ms)
  Rendered /Users/leannehardesty/.rvm/gems/ruby-2.3.0/gems/web-console-2.3.0/lib/web_console/templates/console.js.erb within layouts/javascript (36.1ms)
  Rendered /Users/leannehardesty/.rvm/gems/ruby-2.3.0/gems/web-console-2.3.0/lib/web_console/templates/main.js.erb within layouts/javascript (0.2ms)
  Rendered /Users/leannehardesty/.rvm/gems/ruby-2.3.0/gems/web-console-2.3.0/lib/web_console/templates/error_page.js.erb within layouts/javascript (0.4ms)
  Rendered /Users/leannehardesty/.rvm/gems/ruby-2.3.0/gems/web-console-2.3.0/lib/web_console/templates/index.html.erb (86.2ms)


Started GET "/static_pages/index" for ::1 at 2016-04-17 19:00:10 -0700
Processing by StaticPagesController#index as HTML
  Rendered static_pages/index.html.erb within layouts/application (81.4ms)
Completed 200 OK in 93ms (Views: 92.4ms | ActiveRecord: 0.0ms)


Started GET "/assets/application.self-e80e8f2318043e8af94dddc2adad5a4f09739a8ebb323b3ab31cd71d45fd9113.css?body=1" for ::1 at 2016-04-17 19:00:10 -0700


Started GET "/assets/jquery_ujs.self-e87806d0cf4489aeb1bb7288016024e8de67fd18db693fe026fe3907581e53cd.js?body=1" for ::1 at 2016-04-17 19:00:10 -0700


Started GET "/assets/static_pages.self-877aef30ae1b040ab8a3aba4e3e309a11d7f2612f44dde450b5c157aa5f95c05.js?body=1" for ::1 at 2016-04-17 19:00:10 -0700


Started GET "/assets/application.self-3b8dabdc891efe46b9a144b400ad69e37d7e5876bdc39dee783419a69d7ca819.js?body=1" for ::1 at 2016-04-17 19:00:10 -0700


Started GET "/assets/jquery.self-660adc51e0224b731d29f575a6f1ec167ba08ad06ed5deca4f1e8654c135bf4c.js?body=1" for ::1 at 2016-04-17 19:00:10 -0700


Started GET "/assets/turbolinks.self-c37727e9bd6b2735da5c311aa83fead54ed0be6cc8bd9a65309e9c5abe2cbfff.js?body=1" for ::1 at 2016-04-17 19:00:10 -0700


Started GET "/assets/static_pages.self-8d21bc6afdcd8d9ea1bd2ad606aca3a12bb09c582ac534cf79269b9de040033d.css?body=1" for ::1 at 2016-04-17 19:00:10 -0700


Started GET "/assets/VintageBicycle-507e41f128045deb3bd34ef5bda42ee851a91884fe03cb25a7aed7545a02f82c.jpg" for ::1 at 2016-04-17 19:00:10 -0700


Started GET "/static_pages/index" for ::1 at 2016-04-17 19:44:54 -0700
Processing by StaticPagesController#index as HTML
  Rendered static_pages/index.html.erb within layouts/application (9.7ms)
Completed 200 OK in 152ms (Views: 149.5ms | ActiveRecord: 0.0ms)


Started GET "/assets/VintageBicycle-507e41f128045deb3bd34ef5bda42ee851a91884fe03cb25a7aed7545a02f82c.jpg" for ::1 at 2016-04-17 19:44:54 -0700


Started GET "/assets/jquery.self-660adc51e0224b731d29f575a6f1ec167ba08ad06ed5deca4f1e8654c135bf4c.js?body=1" for ::1 at 2016-04-17 19:44:54 -0700


Started GET "/assets/jquery_ujs.self-e87806d0cf4489aeb1bb7288016024e8de67fd18db693fe026fe3907581e53cd.js?body=1" for ::1 at 2016-04-17 19:44:54 -0700


Started GET "/assets/turbolinks.self-c37727e9bd6b2735da5c311aa83fead54ed0be6cc8bd9a65309e9c5abe2cbfff.js?body=1" for ::1 at 2016-04-17 19:44:54 -0700


Started GET "/assets/static_pages.self-8d21bc6afdcd8d9ea1bd2ad606aca3a12bb09c582ac534cf79269b9de040033d.css?body=1" for ::1 at 2016-04-17 19:44:54 -0700


Started GET "/assets/static_pages.self-877aef30ae1b040ab8a3aba4e3e309a11d7f2612f44dde450b5c157aa5f95c05.js?body=1" for ::1 at 2016-04-17 19:44:54 -0700


Started GET "/assets/application.self-e80e8f2318043e8af94dddc2adad5a4f09739a8ebb323b3ab31cd71d45fd9113.css?body=1" for ::1 at 2016-04-17 19:44:54 -0700


Started GET "/assets/application.self-3b8dabdc891efe46b9a144b400ad69e37d7e5876bdc39dee783419a69d7ca819.js?body=1" for ::1 at 2016-04-17 19:44:54 -0700


Started GET "/static_pages/index" for ::1 at 2016-04-17 19:45:14 -0700
Processing by StaticPagesController#index as HTML
  Rendered static_pages/index.html.erb within layouts/application (1.4ms)
Completed 200 OK in 12ms (Views: 11.7ms | ActiveRecord: 0.0ms)


Started GET "/assets/static_pages.self-8d21bc6afdcd8d9ea1bd2ad606aca3a12bb09c582ac534cf79269b9de040033d.css?body=1" for ::1 at 2016-04-17 19:45:14 -0700


Started GET "/assets/VintageBicycle-507e41f128045deb3bd34ef5bda42ee851a91884fe03cb25a7aed7545a02f82c.jpg" for ::1 at 2016-04-17 19:45:14 -0700


Started GET "/assets/jquery.self-660adc51e0224b731d29f575a6f1ec167ba08ad06ed5deca4f1e8654c135bf4c.js?body=1" for ::1 at 2016-04-17 19:45:14 -0700


Started GET "/assets/application.self-e80e8f2318043e8af94dddc2adad5a4f09739a8ebb323b3ab31cd71d45fd9113.css?body=1" for ::1 at 2016-04-17 19:45:14 -0700


Started GET "/assets/static_pages.self-877aef30ae1b040ab8a3aba4e3e309a11d7f2612f44dde450b5c157aa5f95c05.js?body=1" for ::1 at 2016-04-17 19:45:14 -0700


Started GET "/assets/jquery_ujs.self-e87806d0cf4489aeb1bb7288016024e8de67fd18db693fe026fe3907581e53cd.js?body=1" for ::1 at 2016-04-17 19:45:14 -0700


Started GET "/assets/turbolinks.self-c37727e9bd6b2735da5c311aa83fead54ed0be6cc8bd9a65309e9c5abe2cbfff.js?body=1" for ::1 at 2016-04-17 19:45:14 -0700


Started GET "/assets/application.self-3b8dabdc891efe46b9a144b400ad69e37d7e5876bdc39dee783419a69d7ca819.js?body=1" for ::1 at 2016-04-17 19:45:14 -0700


Started GET "/static_pages/index" for ::1 at 2016-04-17 19:45:29 -0700
Processing by StaticPagesController#index as HTML
  Rendered static_pages/index.html.erb within layouts/application (1.4ms)
Completed 200 OK in 14ms (Views: 14.0ms | ActiveRecord: 0.0ms)


Started GET "/assets/static_pages.self-8d21bc6afdcd8d9ea1bd2ad606aca3a12bb09c582ac534cf79269b9de040033d.css?body=1" for ::1 at 2016-04-17 19:45:29 -0700


Started GET "/assets/VintageBicycle-507e41f128045deb3bd34ef5bda42ee851a91884fe03cb25a7aed7545a02f82c.jpg" for ::1 at 2016-04-17 19:45:29 -0700


Started GET "/assets/jquery_ujs.self-e87806d0cf4489aeb1bb7288016024e8de67fd18db693fe026fe3907581e53cd.js?body=1" for ::1 at 2016-04-17 19:45:29 -0700


Started GET "/assets/application.self-e80e8f2318043e8af94dddc2adad5a4f09739a8ebb323b3ab31cd71d45fd9113.css?body=1" for ::1 at 2016-04-17 19:45:29 -0700


Started GET "/assets/turbolinks.self-c37727e9bd6b2735da5c311aa83fead54ed0be6cc8bd9a65309e9c5abe2cbfff.js?body=1" for ::1 at 2016-04-17 19:45:29 -0700


Started GET "/assets/jquery.self-660adc51e0224b731d29f575a6f1ec167ba08ad06ed5deca4f1e8654c135bf4c.js?body=1" for ::1 at 2016-04-17 19:45:29 -0700


Started GET "/assets/static_pages.self-877aef30ae1b040ab8a3aba4e3e309a11d7f2612f44dde450b5c157aa5f95c05.js?body=1" for ::1 at 2016-04-17 19:45:29 -0700


Started GET "/assets/application.self-3b8dabdc891efe46b9a144b400ad69e37d7e5876bdc39dee783419a69d7ca819.js?body=1" for ::1 at 2016-04-17 19:45:29 -0700


Started GET "/static_pages/index" for ::1 at 2016-04-17 19:45:50 -0700
Processing by StaticPagesController#index as HTML
  Rendered static_pages/index.html.erb within layouts/application (8.7ms)
Completed 200 OK in 87ms (Views: 86.4ms | ActiveRecord: 0.0ms)


Started GET "/assets/VintageBicycle-507e41f128045deb3bd34ef5bda42ee851a91884fe03cb25a7aed7545a02f82c.jpg" for ::1 at 2016-04-17 19:45:50 -0700


Started GET "/assets/jquery_ujs.self-e87806d0cf4489aeb1bb7288016024e8de67fd18db693fe026fe3907581e53cd.js?body=1" for ::1 at 2016-04-17 19:45:50 -0700


Started GET "/assets/jquery.self-660adc51e0224b731d29f575a6f1ec167ba08ad06ed5deca4f1e8654c135bf4c.js?body=1" for ::1 at 2016-04-17 19:45:50 -0700


Started GET "/assets/static_pages.self-8d21bc6afdcd8d9ea1bd2ad606aca3a12bb09c582ac534cf79269b9de040033d.css?body=1" for ::1 at 2016-04-17 19:45:50 -0700


Started GET "/assets/static_pages.self-877aef30ae1b040ab8a3aba4e3e309a11d7f2612f44dde450b5c157aa5f95c05.js?body=1" for ::1 at 2016-04-17 19:45:50 -0700


Started GET "/assets/turbolinks.self-c37727e9bd6b2735da5c311aa83fead54ed0be6cc8bd9a65309e9c5abe2cbfff.js?body=1" for ::1 at 2016-04-17 19:45:50 -0700


Started GET "/assets/application.self-e80e8f2318043e8af94dddc2adad5a4f09739a8ebb323b3ab31cd71d45fd9113.css?body=1" for ::1 at 2016-04-17 19:45:50 -0700


Started GET "/assets/application.self-3b8dabdc891efe46b9a144b400ad69e37d7e5876bdc39dee783419a69d7ca819.js?body=1" for ::1 at 2016-04-17 19:45:50 -0700


Started GET "/static_pages/index" for ::1 at 2016-04-17 19:45:58 -0700
Processing by StaticPagesController#index as HTML
  Rendered static_pages/index.html.erb within layouts/application (1.4ms)
Completed 200 OK in 11ms (Views: 10.3ms | ActiveRecord: 0.0ms)


Started GET "/assets/static_pages.self-8d21bc6afdcd8d9ea1bd2ad606aca3a12bb09c582ac534cf79269b9de040033d.css?body=1" for ::1 at 2016-04-17 19:45:58 -0700


Started GET "/assets/jquery_ujs.self-e87806d0cf4489aeb1bb7288016024e8de67fd18db693fe026fe3907581e53cd.js?body=1" for ::1 at 2016-04-17 19:45:58 -0700


Started GET "/assets/jquery.self-660adc51e0224b731d29f575a6f1ec167ba08ad06ed5deca4f1e8654c135bf4c.js?body=1" for ::1 at 2016-04-17 19:45:58 -0700


Started GET "/assets/application.self-e80e8f2318043e8af94dddc2adad5a4f09739a8ebb323b3ab31cd71d45fd9113.css?body=1" for ::1 at 2016-04-17 19:45:58 -0700


Started GET "/assets/turbolinks.self-c37727e9bd6b2735da5c311aa83fead54ed0be6cc8bd9a65309e9c5abe2cbfff.js?body=1" for ::1 at 2016-04-17 19:45:58 -0700


Started GET "/assets/VintageBicycle-507e41f128045deb3bd34ef5bda42ee851a91884fe03cb25a7aed7545a02f82c.jpg" for ::1 at 2016-04-17 19:45:58 -0700


Started GET "/assets/static_pages.self-877aef30ae1b040ab8a3aba4e3e309a11d7f2612f44dde450b5c157aa5f95c05.js?body=1" for ::1 at 2016-04-17 19:45:58 -0700


Started GET "/assets/application.self-3b8dabdc891efe46b9a144b400ad69e37d7e5876bdc39dee783419a69d7ca819.js?body=1" for ::1 at 2016-04-17 19:45:58 -0700


Started GET "/static_pages/index" for ::1 at 2016-04-17 19:46:09 -0700
Processing by StaticPagesController#index as HTML
  Rendered static_pages/index.html.erb within layouts/application (1.6ms)
Completed 200 OK in 13ms (Views: 12.9ms | ActiveRecord: 0.0ms)


Started GET "/assets/static_pages.self-8d21bc6afdcd8d9ea1bd2ad606aca3a12bb09c582ac534cf79269b9de040033d.css?body=1" for ::1 at 2016-04-17 19:46:09 -0700


Started GET "/assets/turbolinks.self-c37727e9bd6b2735da5c311aa83fead54ed0be6cc8bd9a65309e9c5abe2cbfff.js?body=1" for ::1 at 2016-04-17 19:46:09 -0700


Started GET "/assets/VintageBicycle-507e41f128045deb3bd34ef5bda42ee851a91884fe03cb25a7aed7545a02f82c.jpg" for ::1 at 2016-04-17 19:46:09 -0700


Started GET "/assets/static_pages.self-877aef30ae1b040ab8a3aba4e3e309a11d7f2612f44dde450b5c157aa5f95c05.js?body=1" for ::1 at 2016-04-17 19:46:09 -0700


Started GET "/assets/jquery_ujs.self-e87806d0cf4489aeb1bb7288016024e8de67fd18db693fe026fe3907581e53cd.js?body=1" for ::1 at 2016-04-17 19:46:09 -0700


Started GET "/assets/application.self-e80e8f2318043e8af94dddc2adad5a4f09739a8ebb323b3ab31cd71d45fd9113.css?body=1" for ::1 at 2016-04-17 19:46:09 -0700


Started GET "/assets/jquery.self-660adc51e0224b731d29f575a6f1ec167ba08ad06ed5deca4f1e8654c135bf4c.js?body=1" for ::1 at 2016-04-17 19:46:09 -0700


Started GET "/assets/application.self-3b8dabdc891efe46b9a144b400ad69e37d7e5876bdc39dee783419a69d7ca819.js?body=1" for ::1 at 2016-04-17 19:46:09 -0700


Started GET "/static_pages/index" for ::1 at 2016-04-17 19:46:20 -0700
Processing by StaticPagesController#index as HTML
  Rendered static_pages/index.html.erb within layouts/application (1.5ms)
Completed 200 OK in 11ms (Views: 10.9ms | ActiveRecord: 0.0ms)


Started GET "/assets/static_pages.self-8d21bc6afdcd8d9ea1bd2ad606aca3a12bb09c582ac534cf79269b9de040033d.css?body=1" for ::1 at 2016-04-17 19:46:20 -0700


Started GET "/assets/application.self-e80e8f2318043e8af94dddc2adad5a4f09739a8ebb323b3ab31cd71d45fd9113.css?body=1" for ::1 at 2016-04-17 19:46:20 -0700


Started GET "/assets/VintageBicycle-507e41f128045deb3bd34ef5bda42ee851a91884fe03cb25a7aed7545a02f82c.jpg" for ::1 at 2016-04-17 19:46:20 -0700


Started GET "/assets/jquery.self-660adc51e0224b731d29f575a6f1ec167ba08ad06ed5deca4f1e8654c135bf4c.js?body=1" for ::1 at 2016-04-17 19:46:20 -0700


Started GET "/assets/static_pages.self-877aef30ae1b040ab8a3aba4e3e309a11d7f2612f44dde450b5c157aa5f95c05.js?body=1" for ::1 at 2016-04-17 19:46:20 -0700


Started GET "/assets/turbolinks.self-c37727e9bd6b2735da5c311aa83fead54ed0be6cc8bd9a65309e9c5abe2cbfff.js?body=1" for ::1 at 2016-04-17 19:46:20 -0700


Started GET "/assets/jquery_ujs.self-e87806d0cf4489aeb1bb7288016024e8de67fd18db693fe026fe3907581e53cd.js?body=1" for ::1 at 2016-04-17 19:46:20 -0700


Started GET "/assets/application.self-3b8dabdc891efe46b9a144b400ad69e37d7e5876bdc39dee783419a69d7ca819.js?body=1" for ::1 at 2016-04-17 19:46:20 -0700


Started GET "/static_pages/index" for ::1 at 2016-04-18 19:22:56 -0700
Processing by StaticPagesController#index as HTML
  Rendered static_pages/index.html.erb within layouts/application (26.8ms)
Completed 200 OK in 162ms (Views: 158.1ms | ActiveRecord: 0.0ms)


Started GET "/assets/static_pages.self-8d21bc6afdcd8d9ea1bd2ad606aca3a12bb09c582ac534cf79269b9de040033d.css?body=1" for ::1 at 2016-04-18 19:22:56 -0700


Started GET "/assets/VintageBicycle-507e41f128045deb3bd34ef5bda42ee851a91884fe03cb25a7aed7545a02f82c.jpg" for ::1 at 2016-04-18 19:22:56 -0700


Started GET "/assets/application.self-e80e8f2318043e8af94dddc2adad5a4f09739a8ebb323b3ab31cd71d45fd9113.css?body=1" for ::1 at 2016-04-18 19:22:56 -0700


Started GET "/assets/jquery.self-660adc51e0224b731d29f575a6f1ec167ba08ad06ed5deca4f1e8654c135bf4c.js?body=1" for ::1 at 2016-04-18 19:22:56 -0700


Started GET "/assets/turbolinks.self-c37727e9bd6b2735da5c311aa83fead54ed0be6cc8bd9a65309e9c5abe2cbfff.js?body=1" for ::1 at 2016-04-18 19:22:56 -0700


Started GET "/assets/jquery_ujs.self-e87806d0cf4489aeb1bb7288016024e8de67fd18db693fe026fe3907581e53cd.js?body=1" for ::1 at 2016-04-18 19:22:56 -0700


Started GET "/assets/static_pages.self-877aef30ae1b040ab8a3aba4e3e309a11d7f2612f44dde450b5c157aa5f95c05.js?body=1" for ::1 at 2016-04-18 19:22:56 -0700


Started GET "/assets/application.self-3b8dabdc891efe46b9a144b400ad69e37d7e5876bdc39dee783419a69d7ca819.js?body=1" for ::1 at 2016-04-18 19:22:56 -0700


Started GET "/static_pages/index" for ::1 at 2016-04-18 19:23:41 -0700
Processing by StaticPagesController#index as HTML
  Rendered static_pages/index.html.erb within layouts/application (2.7ms)
Completed 200 OK in 20ms (Views: 19.5ms | ActiveRecord: 0.0ms)


Started GET "/assets/VintageBicycle-507e41f128045deb3bd34ef5bda42ee851a91884fe03cb25a7aed7545a02f82c.jpg" for ::1 at 2016-04-18 19:23:41 -0700


Started GET "/assets/application.self-e80e8f2318043e8af94dddc2adad5a4f09739a8ebb323b3ab31cd71d45fd9113.css?body=1" for ::1 at 2016-04-18 19:23:41 -0700


Started GET "/assets/static_pages.self-877aef30ae1b040ab8a3aba4e3e309a11d7f2612f44dde450b5c157aa5f95c05.js?body=1" for ::1 at 2016-04-18 19:23:41 -0700


Started GET "/assets/static_pages.self-8d21bc6afdcd8d9ea1bd2ad606aca3a12bb09c582ac534cf79269b9de040033d.css?body=1" for ::1 at 2016-04-18 19:23:41 -0700


Started GET "/assets/jquery_ujs.self-e87806d0cf4489aeb1bb7288016024e8de67fd18db693fe026fe3907581e53cd.js?body=1" for ::1 at 2016-04-18 19:23:41 -0700


Started GET "/assets/turbolinks.self-c37727e9bd6b2735da5c311aa83fead54ed0be6cc8bd9a65309e9c5abe2cbfff.js?body=1" for ::1 at 2016-04-18 19:23:41 -0700


Started GET "/assets/jquery.self-660adc51e0224b731d29f575a6f1ec167ba08ad06ed5deca4f1e8654c135bf4c.js?body=1" for ::1 at 2016-04-18 19:23:42 -0700


Started GET "/assets/application.self-3b8dabdc891efe46b9a144b400ad69e37d7e5876bdc39dee783419a69d7ca819.js?body=1" for ::1 at 2016-04-18 19:23:42 -0700


Started GET "/static_pages/index" for ::1 at 2016-04-18 19:24:34 -0700
Processing by StaticPagesController#index as HTML
  Rendered static_pages/index.html.erb within layouts/application (11.3ms)
Completed 200 OK in 87ms (Views: 86.3ms | ActiveRecord: 0.0ms)


Started GET "/assets/static_pages.self-8d21bc6afdcd8d9ea1bd2ad606aca3a12bb09c582ac534cf79269b9de040033d.css?body=1" for ::1 at 2016-04-18 19:24:34 -0700


Started GET "/assets/turbolinks.self-c37727e9bd6b2735da5c311aa83fead54ed0be6cc8bd9a65309e9c5abe2cbfff.js?body=1" for ::1 at 2016-04-18 19:24:34 -0700


Started GET "/assets/VintageBicycle-507e41f128045deb3bd34ef5bda42ee851a91884fe03cb25a7aed7545a02f82c.jpg" for ::1 at 2016-04-18 19:24:34 -0700


Started GET "/assets/jquery.self-660adc51e0224b731d29f575a6f1ec167ba08ad06ed5deca4f1e8654c135bf4c.js?body=1" for ::1 at 2016-04-18 19:24:34 -0700


Started GET "/assets/application.self-e80e8f2318043e8af94dddc2adad5a4f09739a8ebb323b3ab31cd71d45fd9113.css?body=1" for ::1 at 2016-04-18 19:24:34 -0700


Started GET "/assets/jquery_ujs.self-e87806d0cf4489aeb1bb7288016024e8de67fd18db693fe026fe3907581e53cd.js?body=1" for ::1 at 2016-04-18 19:24:34 -0700


Started GET "/assets/static_pages.self-877aef30ae1b040ab8a3aba4e3e309a11d7f2612f44dde450b5c157aa5f95c05.js?body=1" for ::1 at 2016-04-18 19:24:34 -0700


Started GET "/assets/application.self-3b8dabdc891efe46b9a144b400ad69e37d7e5876bdc39dee783419a69d7ca819.js?body=1" for ::1 at 2016-04-18 19:24:34 -0700


Started GET "/static_pages/index" for ::1 at 2016-04-18 19:27:35 -0700
Processing by StaticPagesController#index as HTML
  Rendered static_pages/index.html.erb within layouts/application (13.2ms)
Completed 200 OK in 212ms (Views: 211.3ms | ActiveRecord: 0.0ms)


Started GET "/assets/VintageBicycle-507e41f128045deb3bd34ef5bda42ee851a91884fe03cb25a7aed7545a02f82c.jpg" for ::1 at 2016-04-18 19:27:35 -0700


Started GET "/assets/application.self-e80e8f2318043e8af94dddc2adad5a4f09739a8ebb323b3ab31cd71d45fd9113.css?body=1" for ::1 at 2016-04-18 19:27:35 -0700


Started GET "/assets/static_pages.self-6f4ca11e39a08ed37eafe1b6035d823965820f10c6106ab07e30112272981946.css?body=1" for ::1 at 2016-04-18 19:27:35 -0700


Started GET "/assets/jquery_ujs.self-e87806d0cf4489aeb1bb7288016024e8de67fd18db693fe026fe3907581e53cd.js?body=1" for ::1 at 2016-04-18 19:27:35 -0700


Started GET "/assets/turbolinks.self-c37727e9bd6b2735da5c311aa83fead54ed0be6cc8bd9a65309e9c5abe2cbfff.js?body=1" for ::1 at 2016-04-18 19:27:35 -0700


Started GET "/assets/jquery.self-660adc51e0224b731d29f575a6f1ec167ba08ad06ed5deca4f1e8654c135bf4c.js?body=1" for ::1 at 2016-04-18 19:27:35 -0700


Started GET "/assets/static_pages.self-877aef30ae1b040ab8a3aba4e3e309a11d7f2612f44dde450b5c157aa5f95c05.js?body=1" for ::1 at 2016-04-18 19:27:35 -0700


Started GET "/assets/application.self-3b8dabdc891efe46b9a144b400ad69e37d7e5876bdc39dee783419a69d7ca819.js?body=1" for ::1 at 2016-04-18 19:27:35 -0700


Started GET "/static_pages/index" for ::1 at 2016-04-18 19:28:10 -0700
Processing by StaticPagesController#index as HTML
  Rendered static_pages/index.html.erb within layouts/application (11.8ms)
Completed 200 OK in 109ms (Views: 108.6ms | ActiveRecord: 0.0ms)


Started GET "/assets/VintageBicycle-507e41f128045deb3bd34ef5bda42ee851a91884fe03cb25a7aed7545a02f82c.jpg" for ::1 at 2016-04-18 19:28:10 -0700


Started GET "/assets/turbolinks.self-c37727e9bd6b2735da5c311aa83fead54ed0be6cc8bd9a65309e9c5abe2cbfff.js?body=1" for ::1 at 2016-04-18 19:28:10 -0700


Started GET "/assets/jquery_ujs.self-e87806d0cf4489aeb1bb7288016024e8de67fd18db693fe026fe3907581e53cd.js?body=1" for ::1 at 2016-04-18 19:28:10 -0700


Started GET "/assets/application.self-e80e8f2318043e8af94dddc2adad5a4f09739a8ebb323b3ab31cd71d45fd9113.css?body=1" for ::1 at 2016-04-18 19:28:10 -0700


Started GET "/assets/static_pages.self-a5b3ff14d93ef4bcfa093653c005135c43f4dbc27ebd25e325f04fa120f487c6.css?body=1" for ::1 at 2016-04-18 19:28:10 -0700


Started GET "/assets/static_pages.self-877aef30ae1b040ab8a3aba4e3e309a11d7f2612f44dde450b5c157aa5f95c05.js?body=1" for ::1 at 2016-04-18 19:28:10 -0700


Started GET "/assets/jquery.self-660adc51e0224b731d29f575a6f1ec167ba08ad06ed5deca4f1e8654c135bf4c.js?body=1" for ::1 at 2016-04-18 19:28:10 -0700


Started GET "/assets/application.self-3b8dabdc891efe46b9a144b400ad69e37d7e5876bdc39dee783419a69d7ca819.js?body=1" for ::1 at 2016-04-18 19:28:10 -0700


Started GET "/static_pages/index" for ::1 at 2016-04-19 11:54:41 -0700
Processing by StaticPagesController#index as HTML
  Rendered static_pages/index.html.erb within layouts/application (38.3ms)
Completed 200 OK in 1578ms (Views: 1503.5ms | ActiveRecord: 0.0ms)


Started GET "/assets/VintageBicycle-507e41f128045deb3bd34ef5bda42ee851a91884fe03cb25a7aed7545a02f82c.jpg" for ::1 at 2016-04-19 11:54:43 -0700


Started GET "/assets/static_pages.self-a5b3ff14d93ef4bcfa093653c005135c43f4dbc27ebd25e325f04fa120f487c6.css?body=1" for ::1 at 2016-04-19 11:54:43 -0700


Started GET "/assets/jquery_ujs.self-e87806d0cf4489aeb1bb7288016024e8de67fd18db693fe026fe3907581e53cd.js?body=1" for ::1 at 2016-04-19 11:54:43 -0700


Started GET "/assets/turbolinks.self-c37727e9bd6b2735da5c311aa83fead54ed0be6cc8bd9a65309e9c5abe2cbfff.js?body=1" for ::1 at 2016-04-19 11:54:43 -0700


Started GET "/assets/application.self-e80e8f2318043e8af94dddc2adad5a4f09739a8ebb323b3ab31cd71d45fd9113.css?body=1" for ::1 at 2016-04-19 11:54:43 -0700


Started GET "/assets/jquery.self-660adc51e0224b731d29f575a6f1ec167ba08ad06ed5deca4f1e8654c135bf4c.js?body=1" for ::1 at 2016-04-19 11:54:43 -0700


Started GET "/assets/static_pages.self-877aef30ae1b040ab8a3aba4e3e309a11d7f2612f44dde450b5c157aa5f95c05.js?body=1" for ::1 at 2016-04-19 11:54:43 -0700


Started GET "/assets/application.self-3b8dabdc891efe46b9a144b400ad69e37d7e5876bdc39dee783419a69d7ca819.js?body=1" for ::1 at 2016-04-19 11:54:43 -0700


Started GET "/static_pages/index" for ::1 at 2016-04-19 11:56:39 -0700
Processing by StaticPagesController#index as HTML
  Rendered static_pages/index.html.erb within layouts/application (10.4ms)
Completed 200 OK in 270ms (Views: 269.8ms | ActiveRecord: 0.0ms)


Started GET "/assets/static_pages.self-d925b9dfcfb3b0585af4acfa2bc8ea5a4bf5d8bd71fa10d506d2d701b5c73600.css?body=1" for ::1 at 2016-04-19 11:56:39 -0700


Started GET "/assets/VintageBicycle-507e41f128045deb3bd34ef5bda42ee851a91884fe03cb25a7aed7545a02f82c.jpg" for ::1 at 2016-04-19 11:56:39 -0700


Started GET "/assets/jquery.self-660adc51e0224b731d29f575a6f1ec167ba08ad06ed5deca4f1e8654c135bf4c.js?body=1" for ::1 at 2016-04-19 11:56:39 -0700


Started GET "/assets/application.self-e80e8f2318043e8af94dddc2adad5a4f09739a8ebb323b3ab31cd71d45fd9113.css?body=1" for ::1 at 2016-04-19 11:56:39 -0700


Started GET "/assets/turbolinks.self-c37727e9bd6b2735da5c311aa83fead54ed0be6cc8bd9a65309e9c5abe2cbfff.js?body=1" for ::1 at 2016-04-19 11:56:39 -0700


Started GET "/assets/jquery_ujs.self-e87806d0cf4489aeb1bb7288016024e8de67fd18db693fe026fe3907581e53cd.js?body=1" for ::1 at 2016-04-19 11:56:39 -0700


Started GET "/assets/static_pages.self-877aef30ae1b040ab8a3aba4e3e309a11d7f2612f44dde450b5c157aa5f95c05.js?body=1" for ::1 at 2016-04-19 11:56:39 -0700


Started GET "/assets/application.self-3b8dabdc891efe46b9a144b400ad69e37d7e5876bdc39dee783419a69d7ca819.js?body=1" for ::1 at 2016-04-19 11:56:39 -0700


Started GET "/static_pages/index" for ::1 at 2016-04-19 11:56:43 -0700
Processing by StaticPagesController#index as HTML
  Rendered static_pages/index.html.erb within layouts/application (1.1ms)
Completed 200 OK in 29ms (Views: 28.0ms | ActiveRecord: 0.0ms)


Started GET "/assets/VintageBicycle-507e41f128045deb3bd34ef5bda42ee851a91884fe03cb25a7aed7545a02f82c.jpg" for ::1 at 2016-04-19 11:56:43 -0700


Started GET "/assets/static_pages.self-d925b9dfcfb3b0585af4acfa2bc8ea5a4bf5d8bd71fa10d506d2d701b5c73600.css?body=1" for ::1 at 2016-04-19 11:56:43 -0700


Started GET "/assets/turbolinks.self-c37727e9bd6b2735da5c311aa83fead54ed0be6cc8bd9a65309e9c5abe2cbfff.js?body=1" for ::1 at 2016-04-19 11:56:43 -0700


Started GET "/assets/jquery.self-660adc51e0224b731d29f575a6f1ec167ba08ad06ed5deca4f1e8654c135bf4c.js?body=1" for ::1 at 2016-04-19 11:56:43 -0700


Started GET "/assets/jquery_ujs.self-e87806d0cf4489aeb1bb7288016024e8de67fd18db693fe026fe3907581e53cd.js?body=1" for ::1 at 2016-04-19 11:56:43 -0700


Started GET "/assets/application.self-e80e8f2318043e8af94dddc2adad5a4f09739a8ebb323b3ab31cd71d45fd9113.css?body=1" for ::1 at 2016-04-19 11:56:43 -0700


Started GET "/assets/static_pages.self-877aef30ae1b040ab8a3aba4e3e309a11d7f2612f44dde450b5c157aa5f95c05.js?body=1" for ::1 at 2016-04-19 11:56:43 -0700


Started GET "/assets/application.self-3b8dabdc891efe46b9a144b400ad69e37d7e5876bdc39dee783419a69d7ca819.js?body=1" for ::1 at 2016-04-19 11:56:43 -0700


Started GET "/static_pages/index" for ::1 at 2016-04-19 11:57:42 -0700
Processing by StaticPagesController#index as HTML
  Rendered static_pages/index.html.erb within layouts/application (11.8ms)
Completed 200 OK in 295ms (Views: 294.3ms | ActiveRecord: 0.0ms)


Started GET "/assets/VintageBicycle-507e41f128045deb3bd34ef5bda42ee851a91884fe03cb25a7aed7545a02f82c.jpg" for ::1 at 2016-04-19 11:57:42 -0700


Started GET "/assets/application.self-e80e8f2318043e8af94dddc2adad5a4f09739a8ebb323b3ab31cd71d45fd9113.css?body=1" for ::1 at 2016-04-19 11:57:42 -0700


Started GET "/assets/static_pages.self-e758883d7f61afede1a90bb9cebd596567acbbc9d60a64b69e92fda1b4ee147e.css?body=1" for ::1 at 2016-04-19 11:57:42 -0700


Started GET "/assets/jquery.self-660adc51e0224b731d29f575a6f1ec167ba08ad06ed5deca4f1e8654c135bf4c.js?body=1" for ::1 at 2016-04-19 11:57:42 -0700


Started GET "/assets/turbolinks.self-c37727e9bd6b2735da5c311aa83fead54ed0be6cc8bd9a65309e9c5abe2cbfff.js?body=1" for ::1 at 2016-04-19 11:57:42 -0700


Started GET "/assets/jquery_ujs.self-e87806d0cf4489aeb1bb7288016024e8de67fd18db693fe026fe3907581e53cd.js?body=1" for ::1 at 2016-04-19 11:57:42 -0700


Started GET "/assets/static_pages.self-877aef30ae1b040ab8a3aba4e3e309a11d7f2612f44dde450b5c157aa5f95c05.js?body=1" for ::1 at 2016-04-19 11:57:42 -0700


Started GET "/assets/application.self-3b8dabdc891efe46b9a144b400ad69e37d7e5876bdc39dee783419a69d7ca819.js?body=1" for ::1 at 2016-04-19 11:57:42 -0700


Started GET "/assets/VintageBicycle-507e41f128045deb3bd34ef5bda42ee851a91884fe03cb25a7aed7545a02f82c.jpg" for ::1 at 2016-04-19 11:57:43 -0700


Started GET "/static_pages/index" for ::1 at 2016-04-19 11:57:54 -0700
Processing by StaticPagesController#index as HTML
  Rendered static_pages/index.html.erb within layouts/application (6.9ms)
Completed 200 OK in 204ms (Views: 196.9ms | ActiveRecord: 0.0ms)


Started GET "/assets/static_pages.self-4becce09b7120f4b8b37ad76f06a4e567146f7b84f1e9515c71a2ad0722eac78.css?body=1" for ::1 at 2016-04-19 11:57:54 -0700


Started GET "/assets/static_pages.self-877aef30ae1b040ab8a3aba4e3e309a11d7f2612f44dde450b5c157aa5f95c05.js?body=1" for ::1 at 2016-04-19 11:57:54 -0700


Started GET "/assets/jquery.self-660adc51e0224b731d29f575a6f1ec167ba08ad06ed5deca4f1e8654c135bf4c.js?body=1" for ::1 at 2016-04-19 11:57:54 -0700


Started GET "/assets/turbolinks.self-c37727e9bd6b2735da5c311aa83fead54ed0be6cc8bd9a65309e9c5abe2cbfff.js?body=1" for ::1 at 2016-04-19 11:57:54 -0700


Started GET "/assets/jquery_ujs.self-e87806d0cf4489aeb1bb7288016024e8de67fd18db693fe026fe3907581e53cd.js?body=1" for ::1 at 2016-04-19 11:57:55 -0700


Started GET "/assets/application.self-e80e8f2318043e8af94dddc2adad5a4f09739a8ebb323b3ab31cd71d45fd9113.css?body=1" for ::1 at 2016-04-19 11:57:55 -0700


Started GET "/assets/application.self-3b8dabdc891efe46b9a144b400ad69e37d7e5876bdc39dee783419a69d7ca819.js?body=1" for ::1 at 2016-04-19 11:57:55 -0700


Started GET "/assets/VintageBicycle-507e41f128045deb3bd34ef5bda42ee851a91884fe03cb25a7aed7545a02f82c.jpg" for ::1 at 2016-04-19 11:57:55 -0700


Started GET "/static_pages/index" for ::1 at 2016-04-19 11:57:58 -0700
Processing by StaticPagesController#index as HTML
  Rendered static_pages/index.html.erb within layouts/application (1.5ms)
Completed 200 OK in 13ms (Views: 13.1ms | ActiveRecord: 0.0ms)


Started GET "/assets/jquery.self-660adc51e0224b731d29f575a6f1ec167ba08ad06ed5deca4f1e8654c135bf4c.js?body=1" for ::1 at 2016-04-19 11:57:58 -0700


Started GET "/assets/application.self-e80e8f2318043e8af94dddc2adad5a4f09739a8ebb323b3ab31cd71d45fd9113.css?body=1" for ::1 at 2016-04-19 11:57:58 -0700


Started GET "/assets/jquery_ujs.self-e87806d0cf4489aeb1bb7288016024e8de67fd18db693fe026fe3907581e53cd.js?body=1" for ::1 at 2016-04-19 11:57:58 -0700


Started GET "/assets/static_pages.self-4becce09b7120f4b8b37ad76f06a4e567146f7b84f1e9515c71a2ad0722eac78.css?body=1" for ::1 at 2016-04-19 11:57:58 -0700


Started GET "/assets/static_pages.self-877aef30ae1b040ab8a3aba4e3e309a11d7f2612f44dde450b5c157aa5f95c05.js?body=1" for ::1 at 2016-04-19 11:57:58 -0700


Started GET "/assets/turbolinks.self-c37727e9bd6b2735da5c311aa83fead54ed0be6cc8bd9a65309e9c5abe2cbfff.js?body=1" for ::1 at 2016-04-19 11:57:58 -0700


Started GET "/assets/application.self-3b8dabdc891efe46b9a144b400ad69e37d7e5876bdc39dee783419a69d7ca819.js?body=1" for ::1 at 2016-04-19 11:57:58 -0700


Started GET "/assets/VintageBicycle-507e41f128045deb3bd34ef5bda42ee851a91884fe03cb25a7aed7545a02f82c.jpg" for ::1 at 2016-04-19 11:57:58 -0700


Started GET "/static_pages/index" for ::1 at 2016-04-19 11:59:13 -0700
Processing by StaticPagesController#index as HTML
  Rendered static_pages/index.html.erb within layouts/application (1.3ms)
Completed 200 OK in 41ms (Views: 40.9ms | ActiveRecord: 0.0ms)


Started GET "/assets/application.self-e80e8f2318043e8af94dddc2adad5a4f09739a8ebb323b3ab31cd71d45fd9113.css?body=1" for ::1 at 2016-04-19 11:59:13 -0700


Started GET "/assets/static_pages.self-4becce09b7120f4b8b37ad76f06a4e567146f7b84f1e9515c71a2ad0722eac78.css?body=1" for ::1 at 2016-04-19 11:59:13 -0700


Started GET "/assets/jquery.self-660adc51e0224b731d29f575a6f1ec167ba08ad06ed5deca4f1e8654c135bf4c.js?body=1" for ::1 at 2016-04-19 11:59:13 -0700


Started GET "/assets/turbolinks.self-c37727e9bd6b2735da5c311aa83fead54ed0be6cc8bd9a65309e9c5abe2cbfff.js?body=1" for ::1 at 2016-04-19 11:59:13 -0700


Started GET "/assets/static_pages.self-877aef30ae1b040ab8a3aba4e3e309a11d7f2612f44dde450b5c157aa5f95c05.js?body=1" for ::1 at 2016-04-19 11:59:13 -0700


Started GET "/assets/jquery_ujs.self-e87806d0cf4489aeb1bb7288016024e8de67fd18db693fe026fe3907581e53cd.js?body=1" for ::1 at 2016-04-19 11:59:13 -0700


Started GET "/assets/VintageBicycle-507e41f128045deb3bd34ef5bda42ee851a91884fe03cb25a7aed7545a02f82c.jpg" for ::1 at 2016-04-19 11:59:13 -0700


Started GET "/assets/application.self-3b8dabdc891efe46b9a144b400ad69e37d7e5876bdc39dee783419a69d7ca819.js?body=1" for ::1 at 2016-04-19 11:59:13 -0700


Started GET "/static_pages/index" for ::1 at 2016-04-19 12:02:30 -0700
Processing by StaticPagesController#index as HTML
  Rendered static_pages/index.html.erb within layouts/application (9.9ms)
Completed 200 OK in 736ms (Views: 719.2ms | ActiveRecord: 0.0ms)


Started GET "/assets/static_pages.self-877aef30ae1b040ab8a3aba4e3e309a11d7f2612f44dde450b5c157aa5f95c05.js?body=1" for ::1 at 2016-04-19 12:02:31 -0700


Started GET "/assets/application.self-e80e8f2318043e8af94dddc2adad5a4f09739a8ebb323b3ab31cd71d45fd9113.css?body=1" for ::1 at 2016-04-19 12:02:31 -0700


Started GET "/assets/static_pages.self-4becce09b7120f4b8b37ad76f06a4e567146f7b84f1e9515c71a2ad0722eac78.css?body=1" for ::1 at 2016-04-19 12:02:31 -0700


Started GET "/assets/turbolinks.self-c37727e9bd6b2735da5c311aa83fead54ed0be6cc8bd9a65309e9c5abe2cbfff.js?body=1" for ::1 at 2016-04-19 12:02:31 -0700


Started GET "/assets/jquery_ujs.self-e87806d0cf4489aeb1bb7288016024e8de67fd18db693fe026fe3907581e53cd.js?body=1" for ::1 at 2016-04-19 12:02:31 -0700


Started GET "/assets/jquery.self-660adc51e0224b731d29f575a6f1ec167ba08ad06ed5deca4f1e8654c135bf4c.js?body=1" for ::1 at 2016-04-19 12:02:31 -0700


Started GET "/assets/application.self-3b8dabdc891efe46b9a144b400ad69e37d7e5876bdc39dee783419a69d7ca819.js?body=1" for ::1 at 2016-04-19 12:02:31 -0700


Started GET "/assets/VintageBicycle-507e41f128045deb3bd34ef5bda42ee851a91884fe03cb25a7aed7545a02f82c.jpg" for ::1 at 2016-04-19 12:02:31 -0700


Started GET "/static_pages/index" for ::1 at 2016-04-19 12:03:31 -0700
Processing by StaticPagesController#index as HTML
  Rendered static_pages/index.html.erb within layouts/application (24.5ms)
Completed 200 OK in 310ms (Views: 289.7ms | ActiveRecord: 0.0ms)


Started GET "/assets/static_pages.self-7a4559e7da65ce2f229ee92b19dae97fe404d967194060959905c2ae55bc1629.css?body=1" for ::1 at 2016-04-19 12:03:31 -0700


Started GET "/assets/jquery_ujs.self-e87806d0cf4489aeb1bb7288016024e8de67fd18db693fe026fe3907581e53cd.js?body=1" for ::1 at 2016-04-19 12:03:31 -0700


Started GET "/assets/jquery.self-660adc51e0224b731d29f575a6f1ec167ba08ad06ed5deca4f1e8654c135bf4c.js?body=1" for ::1 at 2016-04-19 12:03:31 -0700


Started GET "/assets/static_pages.self-877aef30ae1b040ab8a3aba4e3e309a11d7f2612f44dde450b5c157aa5f95c05.js?body=1" for ::1 at 2016-04-19 12:03:31 -0700


Started GET "/assets/application.self-3b8dabdc891efe46b9a144b400ad69e37d7e5876bdc39dee783419a69d7ca819.js?body=1" for ::1 at 2016-04-19 12:03:31 -0700


Started GET "/assets/VintageBicycle-507e41f128045deb3bd34ef5bda42ee851a91884fe03cb25a7aed7545a02f82c.jpg" for ::1 at 2016-04-19 12:03:31 -0700


Started GET "/assets/application.self-e80e8f2318043e8af94dddc2adad5a4f09739a8ebb323b3ab31cd71d45fd9113.css?body=1" for ::1 at 2016-04-19 12:03:31 -0700


Started GET "/assets/turbolinks.self-c37727e9bd6b2735da5c311aa83fead54ed0be6cc8bd9a65309e9c5abe2cbfff.js?body=1" for ::1 at 2016-04-19 12:03:31 -0700


Started GET "/static_pages/index" for ::1 at 2016-04-19 12:03:34 -0700
Processing by StaticPagesController#index as HTML
  Rendered static_pages/index.html.erb within layouts/application (119.1ms)
Completed 200 OK in 173ms (Views: 172.1ms | ActiveRecord: 0.0ms)


Started GET "/assets/application.self-e80e8f2318043e8af94dddc2adad5a4f09739a8ebb323b3ab31cd71d45fd9113.css?body=1" for ::1 at 2016-04-19 12:03:34 -0700


Started GET "/assets/jquery.self-660adc51e0224b731d29f575a6f1ec167ba08ad06ed5deca4f1e8654c135bf4c.js?body=1" for ::1 at 2016-04-19 12:03:34 -0700


Started GET "/assets/static_pages.self-7a4559e7da65ce2f229ee92b19dae97fe404d967194060959905c2ae55bc1629.css?body=1" for ::1 at 2016-04-19 12:03:34 -0700


Started GET "/assets/application.self-3b8dabdc891efe46b9a144b400ad69e37d7e5876bdc39dee783419a69d7ca819.js?body=1" for ::1 at 2016-04-19 12:03:34 -0700


Started GET "/assets/jquery_ujs.self-e87806d0cf4489aeb1bb7288016024e8de67fd18db693fe026fe3907581e53cd.js?body=1" for ::1 at 2016-04-19 12:03:34 -0700


Started GET "/assets/static_pages.self-877aef30ae1b040ab8a3aba4e3e309a11d7f2612f44dde450b5c157aa5f95c05.js?body=1" for ::1 at 2016-04-19 12:03:34 -0700


Started GET "/assets/turbolinks.self-c37727e9bd6b2735da5c311aa83fead54ed0be6cc8bd9a65309e9c5abe2cbfff.js?body=1" for ::1 at 2016-04-19 12:03:34 -0700


Started GET "/assets/VintageBicycle-507e41f128045deb3bd34ef5bda42ee851a91884fe03cb25a7aed7545a02f82c.jpg" for ::1 at 2016-04-19 12:03:34 -0700


Started GET "/assets/VintageBicycle-507e41f128045deb3bd34ef5bda42ee851a91884fe03cb25a7aed7545a02f82c.jpg" for ::1 at 2016-04-19 12:03:34 -0700


Started GET "/static_pages/index" for ::1 at 2016-04-19 12:03:56 -0700
Processing by StaticPagesController#index as HTML
  Rendered static_pages/index.html.erb within layouts/application (1.2ms)
Completed 200 OK in 24ms (Views: 23.2ms | ActiveRecord: 0.0ms)


Started GET "/assets/static_pages.self-ab75552af96a4009d94bb67517197d3c00928ae0189c4158c6fdf307a28c9e49.css?body=1" for ::1 at 2016-04-19 12:03:56 -0700


Started GET "/assets/jquery.self-660adc51e0224b731d29f575a6f1ec167ba08ad06ed5deca4f1e8654c135bf4c.js?body=1" for ::1 at 2016-04-19 12:03:56 -0700


Started GET "/assets/application.self-e80e8f2318043e8af94dddc2adad5a4f09739a8ebb323b3ab31cd71d45fd9113.css?body=1" for ::1 at 2016-04-19 12:03:56 -0700


Started GET "/assets/static_pages.self-877aef30ae1b040ab8a3aba4e3e309a11d7f2612f44dde450b5c157aa5f95c05.js?body=1" for ::1 at 2016-04-19 12:03:56 -0700


Started GET "/assets/turbolinks.self-c37727e9bd6b2735da5c311aa83fead54ed0be6cc8bd9a65309e9c5abe2cbfff.js?body=1" for ::1 at 2016-04-19 12:03:56 -0700


Started GET "/assets/jquery_ujs.self-e87806d0cf4489aeb1bb7288016024e8de67fd18db693fe026fe3907581e53cd.js?body=1" for ::1 at 2016-04-19 12:03:56 -0700


Started GET "/assets/application.self-3b8dabdc891efe46b9a144b400ad69e37d7e5876bdc39dee783419a69d7ca819.js?body=1" for ::1 at 2016-04-19 12:03:56 -0700


Started GET "/assets/VintageBicycle-507e41f128045deb3bd34ef5bda42ee851a91884fe03cb25a7aed7545a02f82c.jpg" for ::1 at 2016-04-19 12:03:56 -0700


Started GET "/static_pages/index" for ::1 at 2016-04-19 12:04:09 -0700
Processing by StaticPagesController#index as HTML
  Rendered static_pages/index.html.erb within layouts/application (0.9ms)
Completed 200 OK in 49ms (Views: 48.8ms | ActiveRecord: 0.0ms)


Started GET "/assets/static_pages.self-d3589cf1990efd192358cdcfefc6bc6c9c0efc9d8206b68f82f32816f969a23d.css?body=1" for ::1 at 2016-04-19 12:04:09 -0700


Started GET "/assets/jquery.self-660adc51e0224b731d29f575a6f1ec167ba08ad06ed5deca4f1e8654c135bf4c.js?body=1" for ::1 at 2016-04-19 12:04:09 -0700


Started GET "/assets/static_pages.self-877aef30ae1b040ab8a3aba4e3e309a11d7f2612f44dde450b5c157aa5f95c05.js?body=1" for ::1 at 2016-04-19 12:04:09 -0700


Started GET "/assets/jquery_ujs.self-e87806d0cf4489aeb1bb7288016024e8de67fd18db693fe026fe3907581e53cd.js?body=1" for ::1 at 2016-04-19 12:04:09 -0700


Started GET "/assets/application.self-e80e8f2318043e8af94dddc2adad5a4f09739a8ebb323b3ab31cd71d45fd9113.css?body=1" for ::1 at 2016-04-19 12:04:09 -0700


Started GET "/assets/application.self-3b8dabdc891efe46b9a144b400ad69e37d7e5876bdc39dee783419a69d7ca819.js?body=1" for ::1 at 2016-04-19 12:04:09 -0700


Started GET "/assets/turbolinks.self-c37727e9bd6b2735da5c311aa83fead54ed0be6cc8bd9a65309e9c5abe2cbfff.js?body=1" for ::1 at 2016-04-19 12:04:09 -0700


Started GET "/assets/VintageBicycle-507e41f128045deb3bd34ef5bda42ee851a91884fe03cb25a7aed7545a02f82c.jpg" for ::1 at 2016-04-19 12:04:09 -0700


Started GET "/static_pages/index" for ::1 at 2016-04-19 12:06:30 -0700
Processing by StaticPagesController#index as HTML
  Rendered static_pages/index.html.erb within layouts/application (16.8ms)
Completed 200 OK in 195ms (Views: 194.2ms | ActiveRecord: 0.0ms)


Started GET "/assets/static_pages.self-1cae0330d3c0915d8188f5088aef58ed9181e7483668f043dad02c196155e0ec.css?body=1" for ::1 at 2016-04-19 12:06:30 -0700


Started GET "/assets/application.self-e80e8f2318043e8af94dddc2adad5a4f09739a8ebb323b3ab31cd71d45fd9113.css?body=1" for ::1 at 2016-04-19 12:06:30 -0700


Started GET "/assets/jquery_ujs.self-e87806d0cf4489aeb1bb7288016024e8de67fd18db693fe026fe3907581e53cd.js?body=1" for ::1 at 2016-04-19 12:06:30 -0700


Started GET "/assets/jquery.self-660adc51e0224b731d29f575a6f1ec167ba08ad06ed5deca4f1e8654c135bf4c.js?body=1" for ::1 at 2016-04-19 12:06:30 -0700


Started GET "/assets/static_pages.self-877aef30ae1b040ab8a3aba4e3e309a11d7f2612f44dde450b5c157aa5f95c05.js?body=1" for ::1 at 2016-04-19 12:06:30 -0700


Started GET "/assets/application.self-3b8dabdc891efe46b9a144b400ad69e37d7e5876bdc39dee783419a69d7ca819.js?body=1" for ::1 at 2016-04-19 12:06:30 -0700


Started GET "/assets/turbolinks.self-c37727e9bd6b2735da5c311aa83fead54ed0be6cc8bd9a65309e9c5abe2cbfff.js?body=1" for ::1 at 2016-04-19 12:06:30 -0700


Started GET "/assets/VintageBicycle-507e41f128045deb3bd34ef5bda42ee851a91884fe03cb25a7aed7545a02f82c.jpg" for ::1 at 2016-04-19 12:06:30 -0700


Started GET "/static_pages/index" for ::1 at 2016-04-19 12:07:06 -0700
Processing by StaticPagesController#index as HTML
  Rendered static_pages/index.html.erb within layouts/application (25.2ms)
Completed 200 OK in 212ms (Views: 211.2ms | ActiveRecord: 0.0ms)


Started GET "/assets/static_pages.self-cb8ee8794da04a8cd1a233db04459852e1198219935ede9e88960f0c32894339.css?body=1" for ::1 at 2016-04-19 12:07:06 -0700


Started GET "/assets/application.self-e80e8f2318043e8af94dddc2adad5a4f09739a8ebb323b3ab31cd71d45fd9113.css?body=1" for ::1 at 2016-04-19 12:07:06 -0700


Started GET "/assets/static_pages.self-877aef30ae1b040ab8a3aba4e3e309a11d7f2612f44dde450b5c157aa5f95c05.js?body=1" for ::1 at 2016-04-19 12:07:06 -0700


Started GET "/assets/jquery_ujs.self-e87806d0cf4489aeb1bb7288016024e8de67fd18db693fe026fe3907581e53cd.js?body=1" for ::1 at 2016-04-19 12:07:06 -0700


Started GET "/assets/turbolinks.self-c37727e9bd6b2735da5c311aa83fead54ed0be6cc8bd9a65309e9c5abe2cbfff.js?body=1" for ::1 at 2016-04-19 12:07:06 -0700


Started GET "/assets/jquery.self-660adc51e0224b731d29f575a6f1ec167ba08ad06ed5deca4f1e8654c135bf4c.js?body=1" for ::1 at 2016-04-19 12:07:06 -0700


Started GET "/assets/application.self-3b8dabdc891efe46b9a144b400ad69e37d7e5876bdc39dee783419a69d7ca819.js?body=1" for ::1 at 2016-04-19 12:07:06 -0700


Started GET "/assets/VintageBicycle-507e41f128045deb3bd34ef5bda42ee851a91884fe03cb25a7aed7545a02f82c.jpg" for ::1 at 2016-04-19 12:07:06 -0700


Started GET "/static_pages/index" for ::1 at 2016-04-19 12:07:26 -0700
Processing by StaticPagesController#index as HTML
  Rendered static_pages/index.html.erb within layouts/application (1.0ms)
Completed 200 OK in 62ms (Views: 61.5ms | ActiveRecord: 0.0ms)


Started GET "/assets/static_pages.self-9edff666c3115377c449a8d91cd980fc3263e9068755b6694943399d62e69967.css?body=1" for ::1 at 2016-04-19 12:07:26 -0700


Started GET "/assets/turbolinks.self-c37727e9bd6b2735da5c311aa83fead54ed0be6cc8bd9a65309e9c5abe2cbfff.js?body=1" for ::1 at 2016-04-19 12:07:26 -0700


Started GET "/assets/application.self-e80e8f2318043e8af94dddc2adad5a4f09739a8ebb323b3ab31cd71d45fd9113.css?body=1" for ::1 at 2016-04-19 12:07:26 -0700


Started GET "/assets/static_pages.self-877aef30ae1b040ab8a3aba4e3e309a11d7f2612f44dde450b5c157aa5f95c05.js?body=1" for ::1 at 2016-04-19 12:07:26 -0700


Started GET "/assets/jquery_ujs.self-e87806d0cf4489aeb1bb7288016024e8de67fd18db693fe026fe3907581e53cd.js?body=1" for ::1 at 2016-04-19 12:07:26 -0700


Started GET "/assets/jquery.self-660adc51e0224b731d29f575a6f1ec167ba08ad06ed5deca4f1e8654c135bf4c.js?body=1" for ::1 at 2016-04-19 12:07:26 -0700


Started GET "/assets/application.self-3b8dabdc891efe46b9a144b400ad69e37d7e5876bdc39dee783419a69d7ca819.js?body=1" for ::1 at 2016-04-19 12:07:26 -0700


Started GET "/assets/VintageBicycle-507e41f128045deb3bd34ef5bda42ee851a91884fe03cb25a7aed7545a02f82c.jpg" for ::1 at 2016-04-19 12:07:26 -0700


Started GET "/static_pages/index" for ::1 at 2016-04-19 12:09:41 -0700
Processing by StaticPagesController#index as HTML
  Rendered static_pages/index.html.erb within layouts/application (8.6ms)
Completed 200 OK in 178ms (Views: 177.9ms | ActiveRecord: 0.0ms)


Started GET "/assets/static_pages.self-f8bd287373c0d9e2af22478765a71b83b8b83a266823383b30a0f4e593d871e3.css?body=1" for ::1 at 2016-04-19 12:09:42 -0700


Started GET "/assets/jquery.self-660adc51e0224b731d29f575a6f1ec167ba08ad06ed5deca4f1e8654c135bf4c.js?body=1" for ::1 at 2016-04-19 12:09:42 -0700


Started GET "/assets/turbolinks.self-c37727e9bd6b2735da5c311aa83fead54ed0be6cc8bd9a65309e9c5abe2cbfff.js?body=1" for ::1 at 2016-04-19 12:09:42 -0700


Started GET "/assets/application.self-e80e8f2318043e8af94dddc2adad5a4f09739a8ebb323b3ab31cd71d45fd9113.css?body=1" for ::1 at 2016-04-19 12:09:42 -0700


Started GET "/assets/static_pages.self-877aef30ae1b040ab8a3aba4e3e309a11d7f2612f44dde450b5c157aa5f95c05.js?body=1" for ::1 at 2016-04-19 12:09:42 -0700


Started GET "/assets/jquery_ujs.self-e87806d0cf4489aeb1bb7288016024e8de67fd18db693fe026fe3907581e53cd.js?body=1" for ::1 at 2016-04-19 12:09:42 -0700


Started GET "/assets/application.self-3b8dabdc891efe46b9a144b400ad69e37d7e5876bdc39dee783419a69d7ca819.js?body=1" for ::1 at 2016-04-19 12:09:42 -0700


Started GET "/assets/VintageBicycle-507e41f128045deb3bd34ef5bda42ee851a91884fe03cb25a7aed7545a02f82c.jpg" for ::1 at 2016-04-19 12:09:42 -0700


Started GET "/static_pages/index" for ::1 at 2016-04-19 12:09:43 -0700
Processing by StaticPagesController#index as HTML
  Rendered static_pages/index.html.erb within layouts/application (1.1ms)
Completed 200 OK in 12ms (Views: 11.2ms | ActiveRecord: 0.0ms)


Started GET "/assets/static_pages.self-f8bd287373c0d9e2af22478765a71b83b8b83a266823383b30a0f4e593d871e3.css?body=1" for ::1 at 2016-04-19 12:09:43 -0700


Started GET "/assets/static_pages.self-877aef30ae1b040ab8a3aba4e3e309a11d7f2612f44dde450b5c157aa5f95c05.js?body=1" for ::1 at 2016-04-19 12:09:43 -0700


Started GET "/assets/turbolinks.self-c37727e9bd6b2735da5c311aa83fead54ed0be6cc8bd9a65309e9c5abe2cbfff.js?body=1" for ::1 at 2016-04-19 12:09:43 -0700


Started GET "/assets/jquery.self-660adc51e0224b731d29f575a6f1ec167ba08ad06ed5deca4f1e8654c135bf4c.js?body=1" for ::1 at 2016-04-19 12:09:43 -0700


Started GET "/assets/application.self-e80e8f2318043e8af94dddc2adad5a4f09739a8ebb323b3ab31cd71d45fd9113.css?body=1" for ::1 at 2016-04-19 12:09:43 -0700


Started GET "/assets/jquery_ujs.self-e87806d0cf4489aeb1bb7288016024e8de67fd18db693fe026fe3907581e53cd.js?body=1" for ::1 at 2016-04-19 12:09:43 -0700


Started GET "/assets/application.self-3b8dabdc891efe46b9a144b400ad69e37d7e5876bdc39dee783419a69d7ca819.js?body=1" for ::1 at 2016-04-19 12:09:43 -0700


Started GET "/assets/VintageBicycle-507e41f128045deb3bd34ef5bda42ee851a91884fe03cb25a7aed7545a02f82c.jpg" for ::1 at 2016-04-19 12:09:43 -0700


Started GET "/static_pages/index" for ::1 at 2016-04-19 12:10:22 -0700
Processing by StaticPagesController#index as HTML
  Rendered static_pages/index.html.erb within layouts/application (1.3ms)
Completed 200 OK in 16ms (Views: 16.0ms | ActiveRecord: 0.0ms)


Started GET "/assets/static_pages.self-f8bd287373c0d9e2af22478765a71b83b8b83a266823383b30a0f4e593d871e3.css?body=1" for ::1 at 2016-04-19 12:10:22 -0700


Started GET "/assets/jquery.self-660adc51e0224b731d29f575a6f1ec167ba08ad06ed5deca4f1e8654c135bf4c.js?body=1" for ::1 at 2016-04-19 12:10:22 -0700


Started GET "/assets/jquery_ujs.self-e87806d0cf4489aeb1bb7288016024e8de67fd18db693fe026fe3907581e53cd.js?body=1" for ::1 at 2016-04-19 12:10:22 -0700


Started GET "/assets/application.self-e80e8f2318043e8af94dddc2adad5a4f09739a8ebb323b3ab31cd71d45fd9113.css?body=1" for ::1 at 2016-04-19 12:10:22 -0700


Started GET "/assets/static_pages.self-877aef30ae1b040ab8a3aba4e3e309a11d7f2612f44dde450b5c157aa5f95c05.js?body=1" for ::1 at 2016-04-19 12:10:22 -0700


Started GET "/assets/turbolinks.self-c37727e9bd6b2735da5c311aa83fead54ed0be6cc8bd9a65309e9c5abe2cbfff.js?body=1" for ::1 at 2016-04-19 12:10:22 -0700


Started GET "/assets/application.self-3b8dabdc891efe46b9a144b400ad69e37d7e5876bdc39dee783419a69d7ca819.js?body=1" for ::1 at 2016-04-19 12:10:22 -0700


Started GET "/assets/VintageBicycle-507e41f128045deb3bd34ef5bda42ee851a91884fe03cb25a7aed7545a02f82c.jpg" for ::1 at 2016-04-19 12:10:22 -0700


Started GET "/static_pages/index" for ::1 at 2016-04-19 12:11:13 -0700
Processing by StaticPagesController#index as HTML
  Rendered static_pages/index.html.erb within layouts/application (8.4ms)
Completed 200 OK in 169ms (Views: 168.7ms | ActiveRecord: 0.0ms)


Started GET "/assets/static_pages.self-1a32d229ed9994a7e9a3f7a00a7e37ae1b3a62f7cb75b194bbef4b4e3361eabe.css?body=1" for ::1 at 2016-04-19 12:11:13 -0700


Started GET "/assets/static_pages.self-877aef30ae1b040ab8a3aba4e3e309a11d7f2612f44dde450b5c157aa5f95c05.js?body=1" for ::1 at 2016-04-19 12:11:13 -0700


Started GET "/assets/turbolinks.self-c37727e9bd6b2735da5c311aa83fead54ed0be6cc8bd9a65309e9c5abe2cbfff.js?body=1" for ::1 at 2016-04-19 12:11:13 -0700


Started GET "/assets/jquery_ujs.self-e87806d0cf4489aeb1bb7288016024e8de67fd18db693fe026fe3907581e53cd.js?body=1" for ::1 at 2016-04-19 12:11:13 -0700


Started GET "/assets/jquery.self-660adc51e0224b731d29f575a6f1ec167ba08ad06ed5deca4f1e8654c135bf4c.js?body=1" for ::1 at 2016-04-19 12:11:13 -0700


Started GET "/assets/application.self-e80e8f2318043e8af94dddc2adad5a4f09739a8ebb323b3ab31cd71d45fd9113.css?body=1" for ::1 at 2016-04-19 12:11:13 -0700


Started GET "/assets/VintageBicycle-507e41f128045deb3bd34ef5bda42ee851a91884fe03cb25a7aed7545a02f82c.jpg" for ::1 at 2016-04-19 12:11:13 -0700


Started GET "/assets/application.self-3b8dabdc891efe46b9a144b400ad69e37d7e5876bdc39dee783419a69d7ca819.js?body=1" for ::1 at 2016-04-19 12:11:13 -0700


Started GET "/static_pages/index" for ::1 at 2016-04-19 12:11:29 -0700
Processing by StaticPagesController#index as HTML
  Rendered static_pages/index.html.erb within layouts/application (8.4ms)
Completed 200 OK in 120ms (Views: 119.4ms | ActiveRecord: 0.0ms)


Started GET "/assets/static_pages.self-4a2ac601c8203facad58bede77dd0db92663e4a8a29dee886c830be83cf78f7f.css?body=1" for ::1 at 2016-04-19 12:11:29 -0700


Started GET "/assets/jquery_ujs.self-e87806d0cf4489aeb1bb7288016024e8de67fd18db693fe026fe3907581e53cd.js?body=1" for ::1 at 2016-04-19 12:11:29 -0700


Started GET "/assets/jquery.self-660adc51e0224b731d29f575a6f1ec167ba08ad06ed5deca4f1e8654c135bf4c.js?body=1" for ::1 at 2016-04-19 12:11:29 -0700


Started GET "/assets/static_pages.self-877aef30ae1b040ab8a3aba4e3e309a11d7f2612f44dde450b5c157aa5f95c05.js?body=1" for ::1 at 2016-04-19 12:11:29 -0700


Started GET "/assets/turbolinks.self-c37727e9bd6b2735da5c311aa83fead54ed0be6cc8bd9a65309e9c5abe2cbfff.js?body=1" for ::1 at 2016-04-19 12:11:29 -0700


Started GET "/assets/application.self-e80e8f2318043e8af94dddc2adad5a4f09739a8ebb323b3ab31cd71d45fd9113.css?body=1" for ::1 at 2016-04-19 12:11:29 -0700


Started GET "/assets/application.self-3b8dabdc891efe46b9a144b400ad69e37d7e5876bdc39dee783419a69d7ca819.js?body=1" for ::1 at 2016-04-19 12:11:29 -0700


Started GET "/assets/VintageBicycle-507e41f128045deb3bd34ef5bda42ee851a91884fe03cb25a7aed7545a02f82c.jpg" for ::1 at 2016-04-19 12:11:29 -0700


Started GET "/static_pages/index" for ::1 at 2016-04-19 12:23:26 -0700
Processing by StaticPagesController#index as HTML
  Rendered static_pages/index.html.erb within layouts/application (23.1ms)
Completed 200 OK in 337ms (Views: 336.1ms | ActiveRecord: 0.0ms)


Started GET "/assets/static_pages.self-4a2ac601c8203facad58bede77dd0db92663e4a8a29dee886c830be83cf78f7f.css?body=1" for ::1 at 2016-04-19 12:23:26 -0700


Started GET "/assets/jquery.self-660adc51e0224b731d29f575a6f1ec167ba08ad06ed5deca4f1e8654c135bf4c.js?body=1" for ::1 at 2016-04-19 12:23:26 -0700


Started GET "/assets/turbolinks.self-c37727e9bd6b2735da5c311aa83fead54ed0be6cc8bd9a65309e9c5abe2cbfff.js?body=1" for ::1 at 2016-04-19 12:23:26 -0700


Started GET "/assets/application.self-e80e8f2318043e8af94dddc2adad5a4f09739a8ebb323b3ab31cd71d45fd9113.css?body=1" for ::1 at 2016-04-19 12:23:26 -0700


Started GET "/assets/static_pages.self-877aef30ae1b040ab8a3aba4e3e309a11d7f2612f44dde450b5c157aa5f95c05.js?body=1" for ::1 at 2016-04-19 12:23:26 -0700


Started GET "/assets/jquery_ujs.self-e87806d0cf4489aeb1bb7288016024e8de67fd18db693fe026fe3907581e53cd.js?body=1" for ::1 at 2016-04-19 12:23:26 -0700


Started GET "/assets/application.self-3b8dabdc891efe46b9a144b400ad69e37d7e5876bdc39dee783419a69d7ca819.js?body=1" for ::1 at 2016-04-19 12:23:26 -0700


Started GET "/assets/VintageBicycle-507e41f128045deb3bd34ef5bda42ee851a91884fe03cb25a7aed7545a02f82c.jpg" for ::1 at 2016-04-19 12:23:26 -0700


Started GET "/static_pages/index" for ::1 at 2016-04-19 12:23:52 -0700
Processing by StaticPagesController#index as HTML
  Rendered static_pages/index.html.erb within layouts/application (5.6ms)
Completed 200 OK in 98ms (Views: 97.8ms | ActiveRecord: 0.0ms)


Started GET "/assets/static_pages.self-4a2ac601c8203facad58bede77dd0db92663e4a8a29dee886c830be83cf78f7f.css?body=1" for ::1 at 2016-04-19 12:23:52 -0700


Started GET "/assets/application.self-e80e8f2318043e8af94dddc2adad5a4f09739a8ebb323b3ab31cd71d45fd9113.css?body=1" for ::1 at 2016-04-19 12:23:52 -0700


Started GET "/assets/static_pages.self-877aef30ae1b040ab8a3aba4e3e309a11d7f2612f44dde450b5c157aa5f95c05.js?body=1" for ::1 at 2016-04-19 12:23:52 -0700


Started GET "/assets/jquery.self-660adc51e0224b731d29f575a6f1ec167ba08ad06ed5deca4f1e8654c135bf4c.js?body=1" for ::1 at 2016-04-19 12:23:52 -0700


Started GET "/assets/jquery_ujs.self-e87806d0cf4489aeb1bb7288016024e8de67fd18db693fe026fe3907581e53cd.js?body=1" for ::1 at 2016-04-19 12:23:52 -0700


Started GET "/assets/turbolinks.self-c37727e9bd6b2735da5c311aa83fead54ed0be6cc8bd9a65309e9c5abe2cbfff.js?body=1" for ::1 at 2016-04-19 12:23:52 -0700


Started GET "/assets/application.self-3b8dabdc891efe46b9a144b400ad69e37d7e5876bdc39dee783419a69d7ca819.js?body=1" for ::1 at 2016-04-19 12:23:52 -0700


Started GET "/assets/VintageBicycle-507e41f128045deb3bd34ef5bda42ee851a91884fe03cb25a7aed7545a02f82c.jpg" for ::1 at 2016-04-19 12:23:52 -0700


Started GET "/static_pages/index" for ::1 at 2016-04-19 12:24:40 -0700
Processing by StaticPagesController#index as HTML
  Rendered static_pages/index.html.erb within layouts/application (9.7ms)
Completed 200 OK in 220ms (Views: 219.4ms | ActiveRecord: 0.0ms)


Started GET "/assets/static_pages.self-a3ec6fcb9d945e90c571ce68348506ed13f0edd424b0b5aff3ef379ec0770f41.css?body=1" for ::1 at 2016-04-19 12:24:41 -0700


Started GET "/assets/static_pages.self-877aef30ae1b040ab8a3aba4e3e309a11d7f2612f44dde450b5c157aa5f95c05.js?body=1" for ::1 at 2016-04-19 12:24:41 -0700


Started GET "/assets/jquery_ujs.self-e87806d0cf4489aeb1bb7288016024e8de67fd18db693fe026fe3907581e53cd.js?body=1" for ::1 at 2016-04-19 12:24:41 -0700


Started GET "/assets/jquery.self-660adc51e0224b731d29f575a6f1ec167ba08ad06ed5deca4f1e8654c135bf4c.js?body=1" for ::1 at 2016-04-19 12:24:41 -0700


Started GET "/assets/application.self-e80e8f2318043e8af94dddc2adad5a4f09739a8ebb323b3ab31cd71d45fd9113.css?body=1" for ::1 at 2016-04-19 12:24:41 -0700


Started GET "/assets/turbolinks.self-c37727e9bd6b2735da5c311aa83fead54ed0be6cc8bd9a65309e9c5abe2cbfff.js?body=1" for ::1 at 2016-04-19 12:24:41 -0700


Started GET "/assets/application.self-3b8dabdc891efe46b9a144b400ad69e37d7e5876bdc39dee783419a69d7ca819.js?body=1" for ::1 at 2016-04-19 12:24:41 -0700


Started GET "/assets/VintageBicycle-507e41f128045deb3bd34ef5bda42ee851a91884fe03cb25a7aed7545a02f82c.jpg" for ::1 at 2016-04-19 12:24:41 -0700


Started GET "/static_pages/index" for ::1 at 2016-04-19 12:24:43 -0700
Processing by StaticPagesController#index as HTML
  Rendered static_pages/index.html.erb within layouts/application (1.0ms)
Completed 200 OK in 13ms (Views: 12.2ms | ActiveRecord: 0.0ms)


Started GET "/assets/static_pages.self-a3ec6fcb9d945e90c571ce68348506ed13f0edd424b0b5aff3ef379ec0770f41.css?body=1" for ::1 at 2016-04-19 12:24:43 -0700


Started GET "/assets/application.self-e80e8f2318043e8af94dddc2adad5a4f09739a8ebb323b3ab31cd71d45fd9113.css?body=1" for ::1 at 2016-04-19 12:24:43 -0700


Started GET "/assets/static_pages.self-877aef30ae1b040ab8a3aba4e3e309a11d7f2612f44dde450b5c157aa5f95c05.js?body=1" for ::1 at 2016-04-19 12:24:43 -0700


Started GET "/assets/application.self-3b8dabdc891efe46b9a144b400ad69e37d7e5876bdc39dee783419a69d7ca819.js?body=1" for ::1 at 2016-04-19 12:24:43 -0700


Started GET "/assets/turbolinks.self-c37727e9bd6b2735da5c311aa83fead54ed0be6cc8bd9a65309e9c5abe2cbfff.js?body=1" for ::1 at 2016-04-19 12:24:43 -0700


Started GET "/assets/jquery_ujs.self-e87806d0cf4489aeb1bb7288016024e8de67fd18db693fe026fe3907581e53cd.js?body=1" for ::1 at 2016-04-19 12:24:43 -0700


Started GET "/assets/jquery.self-660adc51e0224b731d29f575a6f1ec167ba08ad06ed5deca4f1e8654c135bf4c.js?body=1" for ::1 at 2016-04-19 12:24:43 -0700


Started GET "/assets/VintageBicycle-507e41f128045deb3bd34ef5bda42ee851a91884fe03cb25a7aed7545a02f82c.jpg" for ::1 at 2016-04-19 12:24:43 -0700


Started GET "/static_pages/index" for ::1 at 2016-04-19 12:24:54 -0700
Processing by StaticPagesController#index as HTML
  Rendered static_pages/index.html.erb within layouts/application (1.4ms)
Completed 200 OK in 26ms (Views: 25.9ms | ActiveRecord: 0.0ms)


Started GET "/assets/static_pages.self-8ac7c46737f7dc348b2f8f9402f0a7514024efc8457ca605fddbce6553cc8501.css?body=1" for ::1 at 2016-04-19 12:24:54 -0700


Started GET "/assets/jquery.self-660adc51e0224b731d29f575a6f1ec167ba08ad06ed5deca4f1e8654c135bf4c.js?body=1" for ::1 at 2016-04-19 12:24:54 -0700


Started GET "/assets/application.self-e80e8f2318043e8af94dddc2adad5a4f09739a8ebb323b3ab31cd71d45fd9113.css?body=1" for ::1 at 2016-04-19 12:24:54 -0700


Started GET "/assets/static_pages.self-877aef30ae1b040ab8a3aba4e3e309a11d7f2612f44dde450b5c157aa5f95c05.js?body=1" for ::1 at 2016-04-19 12:24:54 -0700


Started GET "/assets/turbolinks.self-c37727e9bd6b2735da5c311aa83fead54ed0be6cc8bd9a65309e9c5abe2cbfff.js?body=1" for ::1 at 2016-04-19 12:24:54 -0700


Started GET "/assets/jquery_ujs.self-e87806d0cf4489aeb1bb7288016024e8de67fd18db693fe026fe3907581e53cd.js?body=1" for ::1 at 2016-04-19 12:24:54 -0700


Started GET "/assets/application.self-3b8dabdc891efe46b9a144b400ad69e37d7e5876bdc39dee783419a69d7ca819.js?body=1" for ::1 at 2016-04-19 12:24:54 -0700


Started GET "/assets/VintageBicycle-507e41f128045deb3bd34ef5bda42ee851a91884fe03cb25a7aed7545a02f82c.jpg" for ::1 at 2016-04-19 12:24:54 -0700


Started GET "/static_pages/index" for ::1 at 2016-04-19 12:25:19 -0700
Processing by StaticPagesController#index as HTML
  Rendered static_pages/index.html.erb within layouts/application (5.3ms)
Completed 200 OK in 103ms (Views: 102.5ms | ActiveRecord: 0.0ms)


Started GET "/assets/static_pages.self-fbf2a0bdd15f194581b98931f0e2fd8c946813de2dc448a2d5c75fe2a3551fdf.css?body=1" for ::1 at 2016-04-19 12:25:19 -0700


Started GET "/assets/jquery_ujs.self-e87806d0cf4489aeb1bb7288016024e8de67fd18db693fe026fe3907581e53cd.js?body=1" for ::1 at 2016-04-19 12:25:19 -0700


Started GET "/assets/application.self-e80e8f2318043e8af94dddc2adad5a4f09739a8ebb323b3ab31cd71d45fd9113.css?body=1" for ::1 at 2016-04-19 12:25:19 -0700


Started GET "/assets/application.self-3b8dabdc891efe46b9a144b400ad69e37d7e5876bdc39dee783419a69d7ca819.js?body=1" for ::1 at 2016-04-19 12:25:19 -0700


Started GET "/assets/jquery.self-660adc51e0224b731d29f575a6f1ec167ba08ad06ed5deca4f1e8654c135bf4c.js?body=1" for ::1 at 2016-04-19 12:25:19 -0700


Started GET "/assets/turbolinks.self-c37727e9bd6b2735da5c311aa83fead54ed0be6cc8bd9a65309e9c5abe2cbfff.js?body=1" for ::1 at 2016-04-19 12:25:19 -0700


Started GET "/assets/static_pages.self-877aef30ae1b040ab8a3aba4e3e309a11d7f2612f44dde450b5c157aa5f95c05.js?body=1" for ::1 at 2016-04-19 12:25:19 -0700


Started GET "/assets/VintageBicycle-507e41f128045deb3bd34ef5bda42ee851a91884fe03cb25a7aed7545a02f82c.jpg" for ::1 at 2016-04-19 12:25:19 -0700


Started GET "/static_pages/index" for ::1 at 2016-04-19 12:25:44 -0700
Processing by StaticPagesController#index as HTML
  Rendered static_pages/index.html.erb within layouts/application (5.1ms)
Completed 200 OK in 161ms (Views: 160.8ms | ActiveRecord: 0.0ms)


Started GET "/assets/application.self-e80e8f2318043e8af94dddc2adad5a4f09739a8ebb323b3ab31cd71d45fd9113.css?body=1" for ::1 at 2016-04-19 12:25:44 -0700


Started GET "/assets/static_pages.self-877aef30ae1b040ab8a3aba4e3e309a11d7f2612f44dde450b5c157aa5f95c05.js?body=1" for ::1 at 2016-04-19 12:25:44 -0700


Started GET "/assets/static_pages.self-fbf2a0bdd15f194581b98931f0e2fd8c946813de2dc448a2d5c75fe2a3551fdf.css?body=1" for ::1 at 2016-04-19 12:25:44 -0700


Started GET "/assets/turbolinks.self-c37727e9bd6b2735da5c311aa83fead54ed0be6cc8bd9a65309e9c5abe2cbfff.js?body=1" for ::1 at 2016-04-19 12:25:44 -0700


Started GET "/assets/jquery.self-660adc51e0224b731d29f575a6f1ec167ba08ad06ed5deca4f1e8654c135bf4c.js?body=1" for ::1 at 2016-04-19 12:25:44 -0700


Started GET "/assets/application.self-3b8dabdc891efe46b9a144b400ad69e37d7e5876bdc39dee783419a69d7ca819.js?body=1" for ::1 at 2016-04-19 12:25:44 -0700


Started GET "/assets/jquery_ujs.self-e87806d0cf4489aeb1bb7288016024e8de67fd18db693fe026fe3907581e53cd.js?body=1" for ::1 at 2016-04-19 12:25:44 -0700


Started GET "/assets/VintageBicycle-507e41f128045deb3bd34ef5bda42ee851a91884fe03cb25a7aed7545a02f82c.jpg" for ::1 at 2016-04-19 12:25:44 -0700


Started GET "/static_pages/index" for ::1 at 2016-04-19 12:27:28 -0700
Processing by StaticPagesController#index as HTML
  Rendered static_pages/index.html.erb within layouts/application (11.4ms)
Completed 200 OK in 170ms (Views: 169.3ms | ActiveRecord: 0.0ms)


Started GET "/assets/static_pages.self-39435537b8e901192be9beb070e9fe7b752b2b4686698c6a037fb134bb7ba879.css?body=1" for ::1 at 2016-04-19 12:27:28 -0700


Started GET "/assets/jquery_ujs.self-e87806d0cf4489aeb1bb7288016024e8de67fd18db693fe026fe3907581e53cd.js?body=1" for ::1 at 2016-04-19 12:27:28 -0700


Started GET "/assets/application.self-e80e8f2318043e8af94dddc2adad5a4f09739a8ebb323b3ab31cd71d45fd9113.css?body=1" for ::1 at 2016-04-19 12:27:28 -0700


Started GET "/assets/turbolinks.self-c37727e9bd6b2735da5c311aa83fead54ed0be6cc8bd9a65309e9c5abe2cbfff.js?body=1" for ::1 at 2016-04-19 12:27:28 -0700


Started GET "/assets/jquery.self-660adc51e0224b731d29f575a6f1ec167ba08ad06ed5deca4f1e8654c135bf4c.js?body=1" for ::1 at 2016-04-19 12:27:28 -0700


Started GET "/assets/static_pages.self-877aef30ae1b040ab8a3aba4e3e309a11d7f2612f44dde450b5c157aa5f95c05.js?body=1" for ::1 at 2016-04-19 12:27:28 -0700


Started GET "/assets/application.self-3b8dabdc891efe46b9a144b400ad69e37d7e5876bdc39dee783419a69d7ca819.js?body=1" for ::1 at 2016-04-19 12:27:28 -0700


Started GET "/assets/VintageBicycle-507e41f128045deb3bd34ef5bda42ee851a91884fe03cb25a7aed7545a02f82c.jpg" for ::1 at 2016-04-19 12:27:28 -0700


Started GET "/static_pages/index" for ::1 at 2016-04-19 12:27:37 -0700
Processing by StaticPagesController#index as HTML
  Rendered static_pages/index.html.erb within layouts/application (1.3ms)
Completed 200 OK in 81ms (Views: 80.9ms | ActiveRecord: 0.0ms)


Started GET "/assets/static_pages.self-25916e853fa2f54d09c1ff9e51b996ddede8445154c812f511aabc30e9c6d011.css?body=1" for ::1 at 2016-04-19 12:27:37 -0700


Started GET "/assets/turbolinks.self-c37727e9bd6b2735da5c311aa83fead54ed0be6cc8bd9a65309e9c5abe2cbfff.js?body=1" for ::1 at 2016-04-19 12:27:37 -0700


Started GET "/assets/jquery.self-660adc51e0224b731d29f575a6f1ec167ba08ad06ed5deca4f1e8654c135bf4c.js?body=1" for ::1 at 2016-04-19 12:27:37 -0700


Started GET "/assets/static_pages.self-877aef30ae1b040ab8a3aba4e3e309a11d7f2612f44dde450b5c157aa5f95c05.js?body=1" for ::1 at 2016-04-19 12:27:37 -0700


Started GET "/assets/jquery_ujs.self-e87806d0cf4489aeb1bb7288016024e8de67fd18db693fe026fe3907581e53cd.js?body=1" for ::1 at 2016-04-19 12:27:37 -0700


Started GET "/assets/application.self-3b8dabdc891efe46b9a144b400ad69e37d7e5876bdc39dee783419a69d7ca819.js?body=1" for ::1 at 2016-04-19 12:27:37 -0700


Started GET "/assets/application.self-e80e8f2318043e8af94dddc2adad5a4f09739a8ebb323b3ab31cd71d45fd9113.css?body=1" for ::1 at 2016-04-19 12:27:37 -0700


Started GET "/assets/VintageBicycle-507e41f128045deb3bd34ef5bda42ee851a91884fe03cb25a7aed7545a02f82c.jpg" for ::1 at 2016-04-19 12:27:37 -0700
